{"D:\\DEVELOPER PROJECTS\\obsidian-pixel.github.io\\src\\components\\Card\\Card.tsx": {"path":"D:\\DEVELOPER PROJECTS\\obsidian-pixel.github.io\\src\\components\\Card\\Card.tsx","statementMap":{"0":{"start":{"line":2,"column":0},"end":{"line":2,"column":31}},"1":{"start":{"line":3,"column":0},"end":{"line":3,"column":39}},"2":{"start":{"line":14,"column":55},"end":{"line":14,"column":60}},"3":{"start":{"line":15,"column":13},"end":{"line":145,"column":3}},"4":{"start":{"line":16,"column":69},"end":{"line":16,"column":74}},"5":{"start":{"line":17,"column":34},"end":{"line":17,"column":58}},"6":{"start":{"line":18,"column":18},"end":{"line":18,"column":46}},"7":{"start":{"line":19,"column":40},"end":{"line":19,"column":60}},"8":{"start":{"line":20,"column":19},"end":{"line":22,"column":null}},"9":{"start":{"line":21,"column":10},"end":{"line":21,"column":67}},"10":{"start":{"line":24,"column":23},"end":{"line":24,"column":51}},"11":{"start":{"line":24,"column":29},"end":{"line":24,"column":51}},"12":{"start":{"line":24,"column":48},"end":{"line":24,"column":50}},"13":{"start":{"line":26,"column":2},"end":{"line":92,"column":9}},"14":{"start":{"line":28,"column":23},"end":{"line":28,"column":24}},"15":{"start":{"line":29,"column":23},"end":{"line":29,"column":24}},"16":{"start":{"line":30,"column":24},"end":{"line":30,"column":25}},"17":{"start":{"line":31,"column":24},"end":{"line":31,"column":25}},"18":{"start":{"line":32,"column":24},"end":{"line":32,"column":25}},"19":{"start":{"line":33,"column":24},"end":{"line":33,"column":25}},"20":{"start":{"line":34,"column":25},"end":{"line":34,"column":26}},"21":{"start":{"line":35,"column":25},"end":{"line":35,"column":26}},"22":{"start":{"line":37,"column":28},"end":{"line":40,"column":5}},"23":{"start":{"line":38,"column":6},"end":{"line":38,"column":29}},"24":{"start":{"line":39,"column":6},"end":{"line":39,"column":29}},"25":{"start":{"line":42,"column":25},"end":{"line":83,"column":5}},"26":{"start":{"line":43,"column":6},"end":{"line":46,"column":7}},"27":{"start":{"line":44,"column":8},"end":{"line":44,"column":63}},"28":{"start":{"line":45,"column":8},"end":{"line":45,"column":15}},"29":{"start":{"line":49,"column":6},"end":{"line":49,"column":60}},"30":{"start":{"line":50,"column":6},"end":{"line":50,"column":60}},"31":{"start":{"line":52,"column":19},"end":{"line":52,"column":58}},"32":{"start":{"line":53,"column":22},"end":{"line":53,"column":48}},"33":{"start":{"line":54,"column":22},"end":{"line":54,"column":48}},"34":{"start":{"line":57,"column":17},"end":{"line":57,"column":40}},"35":{"start":{"line":58,"column":17},"end":{"line":58,"column":40}},"36":{"start":{"line":59,"column":23},"end":{"line":59,"column":51}},"37":{"start":{"line":62,"column":26},"end":{"line":62,"column":29}},"38":{"start":{"line":63,"column":24},"end":{"line":63,"column":59}},"39":{"start":{"line":64,"column":29},"end":{"line":64,"column":47}},"40":{"start":{"line":66,"column":6},"end":{"line":66,"column":76}},"41":{"start":{"line":67,"column":6},"end":{"line":67,"column":76}},"42":{"start":{"line":70,"column":6},"end":{"line":70,"column":64}},"43":{"start":{"line":71,"column":6},"end":{"line":71,"column":64}},"44":{"start":{"line":74,"column":19},"end":{"line":74,"column":38}},"45":{"start":{"line":75,"column":21},"end":{"line":75,"column":38}},"46":{"start":{"line":76,"column":22},"end":{"line":76,"column":44}},"47":{"start":{"line":78,"column":6},"end":{"line":80,"column":8}},"48":{"start":{"line":82,"column":6},"end":{"line":82,"column":61}},"49":{"start":{"line":85,"column":4},"end":{"line":85,"column":58}},"50":{"start":{"line":86,"column":4},"end":{"line":86,"column":59}},"51":{"start":{"line":88,"column":4},"end":{"line":91,"column":6}},"52":{"start":{"line":89,"column":6},"end":{"line":89,"column":63}},"53":{"start":{"line":90,"column":6},"end":{"line":90,"column":45}},"54":{"start":{"line":93,"column":2},"end":{"line":144,"column":4}},"55":{"start":{"line":147,"column":0},"end":{"line":147,"column":26}}},"fnMap":{"0":{"name":"CardComponent","decl":{"start":{"line":15,"column":55},"end":{"line":15,"column":68}},"loc":{"start":{"line":15,"column":85},"end":{"line":145,"column":1}}},"1":{"name":"(anonymous_11)","decl":{"start":{"line":21,"column":4},"end":{"line":21,"column":7}},"loc":{"start":{"line":21,"column":10},"end":{"line":21,"column":67}}},"2":{"name":"(anonymous_12)","decl":{"start":{"line":24,"column":23},"end":{"line":24,"column":26}},"loc":{"start":{"line":24,"column":29},"end":{"line":24,"column":51}}},"3":{"name":"(anonymous_13)","decl":{"start":{"line":24,"column":41},"end":{"line":24,"column":42}},"loc":{"start":{"line":24,"column":48},"end":{"line":24,"column":50}}},"4":{"name":"(anonymous_14)","decl":{"start":{"line":26,"column":12},"end":{"line":26,"column":15}},"loc":{"start":{"line":26,"column":17},"end":{"line":92,"column":3}}},"5":{"name":"(anonymous_15)","decl":{"start":{"line":37,"column":28},"end":{"line":37,"column":29}},"loc":{"start":{"line":37,"column":46},"end":{"line":40,"column":5}}},"6":{"name":"(anonymous_16)","decl":{"start":{"line":42,"column":25},"end":{"line":42,"column":28}},"loc":{"start":{"line":42,"column":30},"end":{"line":83,"column":5}}},"7":{"name":"(anonymous_17)","decl":{"start":{"line":88,"column":11},"end":{"line":88,"column":14}},"loc":{"start":{"line":88,"column":16},"end":{"line":91,"column":5}}}},"branchMap":{"0":{"loc":{"start":{"line":43,"column":6},"end":{"line":46,"column":7}},"type":"if","locations":[{"start":{"line":43,"column":6},"end":{"line":46,"column":7}}]},"1":{"loc":{"start":{"line":95,"column":7},"end":{"line":97,"column":14}},"type":"cond-expr","locations":[{"start":{"line":96,"column":8},"end":{"line":96,"column":85}},{"start":{"line":97,"column":10},"end":{"line":97,"column":14}}]},"2":{"loc":{"start":{"line":100,"column":37},"end":{"line":100,"column":68}},"type":"cond-expr","locations":[{"start":{"line":100,"column":48},"end":{"line":100,"column":63}},{"start":{"line":100,"column":66},"end":{"line":100,"column":68}}]},"3":{"loc":{"start":{"line":101,"column":14},"end":{"line":101,"column":45}},"type":"cond-expr","locations":[{"start":{"line":101,"column":25},"end":{"line":101,"column":33}},{"start":{"line":101,"column":36},"end":{"line":101,"column":45}}]},"4":{"loc":{"start":{"line":102,"column":20},"end":{"line":102,"column":49}},"type":"cond-expr","locations":[{"start":{"line":102,"column":31},"end":{"line":102,"column":37}},{"start":{"line":102,"column":40},"end":{"line":102,"column":49}}]},"5":{"loc":{"start":{"line":103,"column":25},"end":{"line":103,"column":67}},"type":"cond-expr","locations":[{"start":{"line":103,"column":36},"end":{"line":103,"column":55}},{"start":{"line":103,"column":58},"end":{"line":103,"column":67}}]},"6":{"loc":{"start":{"line":119,"column":24},"end":{"line":119,"column":72}},"type":"cond-expr","locations":[{"start":{"line":119,"column":35},"end":{"line":119,"column":53}},{"start":{"line":119,"column":56},"end":{"line":119,"column":72}}]},"7":{"loc":{"start":{"line":120,"column":27},"end":{"line":120,"column":54}},"type":"cond-expr","locations":[{"start":{"line":120,"column":38},"end":{"line":120,"column":44}},{"start":{"line":120,"column":47},"end":{"line":120,"column":54}}]},"8":{"loc":{"start":{"line":124,"column":13},"end":{"line":124,"column":49}},"type":"cond-expr","locations":[{"start":{"line":124,"column":24},"end":{"line":124,"column":36}},{"start":{"line":124,"column":39},"end":{"line":124,"column":49}}]},"9":{"loc":{"start":{"line":131,"column":11},"end":{"line":131,"column":62}},"type":"cond-expr","locations":[{"start":{"line":131,"column":18},"end":{"line":131,"column":55}},{"start":{"line":131,"column":58},"end":{"line":131,"column":62}}]}},"s":{"0":1,"1":1,"2":1,"3":1,"4":4,"5":4,"6":4,"7":4,"8":4,"9":3,"10":4,"11":1,"12":1,"13":4,"14":3,"15":3,"16":3,"17":3,"18":3,"19":3,"20":3,"21":3,"22":3,"23":0,"24":0,"25":3,"26":0,"27":0,"28":0,"29":0,"30":0,"31":0,"32":0,"33":0,"34":0,"35":0,"36":0,"37":0,"38":0,"39":0,"40":0,"41":0,"42":0,"43":0,"44":0,"45":0,"46":0,"47":0,"48":0,"49":3,"50":3,"51":3,"52":3,"53":3,"54":4,"55":1},"f":{"0":4,"1":3,"2":1,"3":1,"4":3,"5":0,"6":0,"7":3},"b":{"0":[0],"1":[1,3],"2":[1,3],"3":[1,3],"4":[1,3],"5":[1,3],"6":[1,3],"7":[1,3],"8":[1,3],"9":[1,3]}}
,"D:\\DEVELOPER PROJECTS\\obsidian-pixel.github.io\\src\\components\\ColorPicker\\ColorPickerApp.tsx": {"path":"D:\\DEVELOPER PROJECTS\\obsidian-pixel.github.io\\src\\components\\ColorPicker\\ColorPickerApp.tsx","statementMap":{"0":{"start":{"line":6,"column":0},"end":{"line":6,"column":58}},"1":{"start":{"line":7,"column":0},"end":{"line":7,"column":33}},"2":{"start":{"line":8,"column":0},"end":{"line":8,"column":65}},"3":{"start":{"line":9,"column":0},"end":{"line":9,"column":47}},"4":{"start":{"line":10,"column":0},"end":{"line":10,"column":49}},"5":{"start":{"line":11,"column":0},"end":{"line":11,"column":54}},"6":{"start":{"line":12,"column":0},"end":{"line":12,"column":64}},"7":{"start":{"line":13,"column":0},"end":{"line":13,"column":60}},"8":{"start":{"line":14,"column":0},"end":{"line":14,"column":52}},"9":{"start":{"line":15,"column":0},"end":{"line":15,"column":52}},"10":{"start":{"line":16,"column":0},"end":{"line":16,"column":53}},"11":{"start":{"line":17,"column":0},"end":{"line":17,"column":61}},"12":{"start":{"line":18,"column":0},"end":{"line":18,"column":53}},"13":{"start":{"line":19,"column":0},"end":{"line":19,"column":67}},"14":{"start":{"line":20,"column":0},"end":{"line":20,"column":55}},"15":{"start":{"line":21,"column":0},"end":{"line":21,"column":51}},"16":{"start":{"line":22,"column":0},"end":{"line":22,"column":52}},"17":{"start":{"line":23,"column":0},"end":{"line":23,"column":59}},"18":{"start":{"line":26,"column":47},"end":{"line":227,"column":1}},"19":{"start":{"line":27,"column":19},"end":{"line":27,"column":32}},"20":{"start":{"line":29,"column":4},"end":{"line":29,"column":19}},"21":{"start":{"line":31,"column":46},"end":{"line":31,"column":77}},"22":{"start":{"line":32,"column":40},"end":{"line":32,"column":74}},"23":{"start":{"line":33,"column":32},"end":{"line":33,"column":59}},"24":{"start":{"line":34,"column":42},"end":{"line":34,"column":65}},"25":{"start":{"line":37,"column":30},"end":{"line":37,"column":43}},"26":{"start":{"line":40,"column":2},"end":{"line":45,"column":18}},"27":{"start":{"line":41,"column":22},"end":{"line":43,"column":11}},"28":{"start":{"line":42,"column":6},"end":{"line":42,"column":26}},"29":{"start":{"line":44,"column":4},"end":{"line":44,"column":41}},"30":{"start":{"line":44,"column":17},"end":{"line":44,"column":40}},"31":{"start":{"line":48,"column":2},"end":{"line":66,"column":41}},"32":{"start":{"line":49,"column":4},"end":{"line":52,"column":5}},"33":{"start":{"line":50,"column":6},"end":{"line":50,"column":42}},"34":{"start":{"line":51,"column":6},"end":{"line":51,"column":13}},"35":{"start":{"line":53,"column":23},"end":{"line":53,"column":61}},"36":{"start":{"line":55,"column":4},"end":{"line":65,"column":7}},"37":{"start":{"line":56,"column":6},"end":{"line":63,"column":7}},"38":{"start":{"line":56,"column":40},"end":{"line":56,"column":46}},"39":{"start":{"line":57,"column":8},"end":{"line":62,"column":11}},"40":{"start":{"line":58,"column":10},"end":{"line":60,"column":11}},"41":{"start":{"line":59,"column":12},"end":{"line":59,"column":31}},"42":{"start":{"line":61,"column":10},"end":{"line":61,"column":26}},"43":{"start":{"line":64,"column":6},"end":{"line":64,"column":24}},"44":{"start":{"line":75,"column":25},"end":{"line":86,"column":4}},"45":{"start":{"line":88,"column":31},"end":{"line":95,"column":3}},"46":{"start":{"line":89,"column":4},"end":{"line":94,"column":5}},"47":{"start":{"line":90,"column":6},"end":{"line":90,"column":41}},"48":{"start":{"line":91,"column":6},"end":{"line":91,"column":60}},"49":{"start":{"line":92,"column":6},"end":{"line":92,"column":26}},"50":{"start":{"line":93,"column":6},"end":{"line":93,"column":32}},"51":{"start":{"line":97,"column":28},"end":{"line":104,"column":3}},"52":{"start":{"line":98,"column":4},"end":{"line":103,"column":5}},"53":{"start":{"line":99,"column":6},"end":{"line":99,"column":41}},"54":{"start":{"line":100,"column":6},"end":{"line":100,"column":60}},"55":{"start":{"line":101,"column":6},"end":{"line":101,"column":26}},"56":{"start":{"line":102,"column":6},"end":{"line":102,"column":32}},"57":{"start":{"line":106,"column":27},"end":{"line":114,"column":3}},"58":{"start":{"line":107,"column":4},"end":{"line":113,"column":7}},"59":{"start":{"line":108,"column":24},"end":{"line":108,"column":33}},"60":{"start":{"line":110,"column":6},"end":{"line":110,"column":57}},"61":{"start":{"line":110,"column":35},"end":{"line":110,"column":57}},"62":{"start":{"line":111,"column":6},"end":{"line":111,"column":43}},"63":{"start":{"line":112,"column":6},"end":{"line":112,"column":23}},"64":{"start":{"line":116,"column":2},"end":{"line":226,"column":4}},"65":{"start":{"line":139,"column":27},"end":{"line":139,"column":48}},"66":{"start":{"line":154,"column":34},"end":{"line":154,"column":71}},"67":{"start":{"line":162,"column":31},"end":{"line":162,"column":65}},"68":{"start":{"line":168,"column":31},"end":{"line":168,"column":74}},"69":{"start":{"line":26,"column":13},"end":{"line":26,"column":47}},"70":{"start":{"line":229,"column":13},"end":{"line":229,"column":58}},"71":{"start":{"line":231,"column":0},"end":{"line":231,"column":46}}},"fnMap":{"0":{"name":"ColorPickerApp","decl":{"start":{"line":26,"column":56},"end":{"line":26,"column":70}},"loc":{"start":{"line":26,"column":70},"end":{"line":227,"column":1}}},"1":{"name":"(anonymous_2)","decl":{"start":{"line":40,"column":12},"end":{"line":40,"column":15}},"loc":{"start":{"line":40,"column":17},"end":{"line":45,"column":3}}},"2":{"name":"(anonymous_3)","decl":{"start":{"line":41,"column":33},"end":{"line":41,"column":36}},"loc":{"start":{"line":41,"column":38},"end":{"line":43,"column":5}}},"3":{"name":"(anonymous_4)","decl":{"start":{"line":44,"column":11},"end":{"line":44,"column":14}},"loc":{"start":{"line":44,"column":17},"end":{"line":44,"column":40}}},"4":{"name":"(anonymous_5)","decl":{"start":{"line":48,"column":12},"end":{"line":48,"column":15}},"loc":{"start":{"line":48,"column":17},"end":{"line":66,"column":3}}},"5":{"name":"(anonymous_6)","decl":{"start":{"line":55,"column":22},"end":{"line":55,"column":23}},"loc":{"start":{"line":55,"column":31},"end":{"line":65,"column":5}}},"6":{"name":"(anonymous_7)","decl":{"start":{"line":56,"column":28},"end":{"line":56,"column":29}},"loc":{"start":{"line":56,"column":40},"end":{"line":56,"column":46}}},"7":{"name":"(anonymous_8)","decl":{"start":{"line":57,"column":30},"end":{"line":57,"column":31}},"loc":{"start":{"line":57,"column":50},"end":{"line":62,"column":9}}},"8":{"name":"(anonymous_9)","decl":{"start":{"line":88,"column":31},"end":{"line":88,"column":32}},"loc":{"start":{"line":88,"column":56},"end":{"line":95,"column":3}}},"9":{"name":"(anonymous_10)","decl":{"start":{"line":97,"column":28},"end":{"line":97,"column":29}},"loc":{"start":{"line":97,"column":53},"end":{"line":104,"column":3}}},"10":{"name":"(anonymous_11)","decl":{"start":{"line":106,"column":27},"end":{"line":106,"column":28}},"loc":{"start":{"line":106,"column":45},"end":{"line":114,"column":3}}},"11":{"name":"(anonymous_12)","decl":{"start":{"line":107,"column":20},"end":{"line":107,"column":21}},"loc":{"start":{"line":107,"column":29},"end":{"line":113,"column":5}}},"12":{"name":"(anonymous_13)","decl":{"start":{"line":139,"column":21},"end":{"line":139,"column":24}},"loc":{"start":{"line":139,"column":27},"end":{"line":139,"column":48}}},"13":{"name":"(anonymous_14)","decl":{"start":{"line":154,"column":24},"end":{"line":154,"column":25}},"loc":{"start":{"line":154,"column":34},"end":{"line":154,"column":71}}},"14":{"name":"(anonymous_15)","decl":{"start":{"line":162,"column":24},"end":{"line":162,"column":25}},"loc":{"start":{"line":162,"column":31},"end":{"line":162,"column":65}}},"15":{"name":"(anonymous_16)","decl":{"start":{"line":168,"column":24},"end":{"line":168,"column":25}},"loc":{"start":{"line":168,"column":31},"end":{"line":168,"column":74}}}},"branchMap":{"0":{"loc":{"start":{"line":49,"column":4},"end":{"line":52,"column":5}},"type":"if","locations":[{"start":{"line":49,"column":4},"end":{"line":52,"column":5}}]},"1":{"loc":{"start":{"line":56,"column":6},"end":{"line":63,"column":7}},"type":"if","locations":[{"start":{"line":56,"column":6},"end":{"line":63,"column":7}}]},"2":{"loc":{"start":{"line":58,"column":10},"end":{"line":60,"column":11}},"type":"if","locations":[{"start":{"line":58,"column":10},"end":{"line":60,"column":11}}]},"3":{"loc":{"start":{"line":58,"column":14},"end":{"line":58,"column":48}},"type":"binary-expr","locations":[{"start":{"line":58,"column":14},"end":{"line":58,"column":33}},{"start":{"line":58,"column":37},"end":{"line":58,"column":48}}]},"4":{"loc":{"start":{"line":89,"column":4},"end":{"line":94,"column":5}},"type":"if","locations":[{"start":{"line":89,"column":4},"end":{"line":94,"column":5}}]},"5":{"loc":{"start":{"line":98,"column":4},"end":{"line":103,"column":5}},"type":"if","locations":[{"start":{"line":98,"column":4},"end":{"line":103,"column":5}}]},"6":{"loc":{"start":{"line":167,"column":22},"end":{"line":167,"column":38}},"type":"binary-expr","locations":[{"start":{"line":167,"column":22},"end":{"line":167,"column":33}},{"start":{"line":167,"column":37},"end":{"line":167,"column":38}}]}},"s":{"0":1,"1":1,"2":1,"3":1,"4":1,"5":1,"6":1,"7":1,"8":1,"9":1,"10":1,"11":1,"12":1,"13":1,"14":1,"15":1,"16":1,"17":1,"18":1,"19":18,"20":18,"21":18,"22":18,"23":18,"24":18,"25":18,"26":18,"27":6,"28":0,"29":6,"30":6,"31":18,"32":9,"33":0,"34":0,"35":9,"36":9,"37":9,"38":10,"39":3,"40":15,"41":3,"42":12,"43":6,"44":18,"45":18,"46":0,"47":0,"48":0,"49":0,"50":0,"51":18,"52":0,"53":0,"54":0,"55":0,"56":0,"57":18,"58":3,"59":3,"60":3,"61":10,"62":3,"63":3,"64":18,"65":0,"66":0,"67":0,"68":0,"69":1,"70":1,"71":1},"f":{"0":18,"1":6,"2":0,"3":6,"4":9,"5":9,"6":10,"7":15,"8":0,"9":0,"10":3,"11":3,"12":0,"13":0,"14":0,"15":0},"b":{"0":[0],"1":[3],"2":[3],"3":[15,3],"4":[0],"5":[0],"6":[18,18]}}
,"D:\\DEVELOPER PROJECTS\\obsidian-pixel.github.io\\src\\components\\ColorPicker\\ColorPickerCard.tsx": {"path":"D:\\DEVELOPER PROJECTS\\obsidian-pixel.github.io\\src\\components\\ColorPicker\\ColorPickerCard.tsx","statementMap":{"0":{"start":{"line":7,"column":0},"end":{"line":7,"column":37}},"1":{"start":{"line":8,"column":0},"end":{"line":8,"column":47}},"2":{"start":{"line":9,"column":0},"end":{"line":9,"column":50}},"3":{"start":{"line":10,"column":0},"end":{"line":10,"column":64}},"4":{"start":{"line":12,"column":13},"end":{"line":66,"column":3}},"5":{"start":{"line":13,"column":18},"end":{"line":13,"column":46}},"6":{"start":{"line":14,"column":19},"end":{"line":14,"column":32}},"7":{"start":{"line":16,"column":23},"end":{"line":21,"column":4}},"8":{"start":{"line":23,"column":22},"end":{"line":25,"column":3}},"9":{"start":{"line":24,"column":4},"end":{"line":24,"column":38}},"10":{"start":{"line":27,"column":24},"end":{"line":32,"column":3}},"11":{"start":{"line":28,"column":4},"end":{"line":31,"column":5}},"12":{"start":{"line":29,"column":6},"end":{"line":29,"column":25}},"13":{"start":{"line":30,"column":6},"end":{"line":30,"column":40}},"14":{"start":{"line":34,"column":2},"end":{"line":65,"column":4}},"15":{"start":{"line":68,"column":0},"end":{"line":68,"column":48}}},"fnMap":{"0":{"name":"ColorPickerCard","decl":{"start":{"line":12,"column":55},"end":{"line":12,"column":70}},"loc":{"start":{"line":12,"column":70},"end":{"line":66,"column":1}}},"1":{"name":"(anonymous_2)","decl":{"start":{"line":23,"column":22},"end":{"line":23,"column":25}},"loc":{"start":{"line":23,"column":27},"end":{"line":25,"column":3}}},"2":{"name":"(anonymous_3)","decl":{"start":{"line":27,"column":24},"end":{"line":27,"column":25}},"loc":{"start":{"line":27,"column":51},"end":{"line":32,"column":3}}},"3":{"name":"(anonymous_4)","decl":{"start":{"line":49,"column":22},"end":{"line":49,"column":25}},"loc":{"start":{"line":49,"column":27},"end":{"line":49,"column":30}}}},"branchMap":{"0":{"loc":{"start":{"line":28,"column":4},"end":{"line":31,"column":5}},"type":"if","locations":[{"start":{"line":28,"column":4},"end":{"line":31,"column":5}}]},"1":{"loc":{"start":{"line":28,"column":8},"end":{"line":28,"column":42}},"type":"binary-expr","locations":[{"start":{"line":28,"column":8},"end":{"line":28,"column":25}},{"start":{"line":28,"column":29},"end":{"line":28,"column":42}}]}},"s":{"0":0,"1":0,"2":0,"3":0,"4":0,"5":0,"6":0,"7":0,"8":0,"9":0,"10":0,"11":0,"12":0,"13":0,"14":0,"15":0},"f":{"0":0,"1":0,"2":0,"3":0},"b":{"0":[0],"1":[0,0]}}
,"D:\\DEVELOPER PROJECTS\\obsidian-pixel.github.io\\src\\components\\ColorPicker\\hooks\\useColorState.ts": {"path":"D:\\DEVELOPER PROJECTS\\obsidian-pixel.github.io\\src\\components\\ColorPicker\\hooks\\useColorState.ts","statementMap":{"0":{"start":{"line":21,"column":0},"end":{"line":21,"column":16}},"1":{"start":{"line":6,"column":0},"end":{"line":6,"column":55}},"2":{"start":{"line":8,"column":0},"end":{"line":8,"column":50}},"3":{"start":{"line":10,"column":34},"end":{"line":19,"column":2}},"4":{"start":{"line":22,"column":28},"end":{"line":22,"column":79}},"5":{"start":{"line":24,"column":24},"end":{"line":35,"column":8}},"6":{"start":{"line":25,"column":4},"end":{"line":34,"column":7}},"7":{"start":{"line":37,"column":24},"end":{"line":42,"column":null}},"8":{"start":{"line":39,"column":18},"end":{"line":39,"column":36}},"9":{"start":{"line":40,"column":6},"end":{"line":40,"column":25}},"10":{"start":{"line":45,"column":24},"end":{"line":50,"column":null}},"11":{"start":{"line":47,"column":18},"end":{"line":47,"column":36}},"12":{"start":{"line":48,"column":6},"end":{"line":48,"column":25}},"13":{"start":{"line":53,"column":24},"end":{"line":58,"column":null}},"14":{"start":{"line":55,"column":18},"end":{"line":55,"column":36}},"15":{"start":{"line":56,"column":6},"end":{"line":56,"column":25}},"16":{"start":{"line":61,"column":24},"end":{"line":66,"column":null}},"17":{"start":{"line":63,"column":18},"end":{"line":63,"column":36}},"18":{"start":{"line":64,"column":6},"end":{"line":64,"column":25}},"19":{"start":{"line":69,"column":26},"end":{"line":74,"column":null}},"20":{"start":{"line":71,"column":18},"end":{"line":71,"column":40}},"21":{"start":{"line":72,"column":6},"end":{"line":72,"column":25}},"22":{"start":{"line":77,"column":24},"end":{"line":82,"column":null}},"23":{"start":{"line":79,"column":18},"end":{"line":79,"column":36}},"24":{"start":{"line":80,"column":6},"end":{"line":80,"column":25}},"25":{"start":{"line":85,"column":25},"end":{"line":90,"column":null}},"26":{"start":{"line":87,"column":18},"end":{"line":87,"column":38}},"27":{"start":{"line":88,"column":6},"end":{"line":88,"column":25}},"28":{"start":{"line":93,"column":2},"end":{"line":117,"column":4}},"29":{"start":{"line":94,"column":11},"end":{"line":105,"column":6}}},"fnMap":{"0":{"name":"useColorState","decl":{"start":{"line":21,"column":16},"end":{"line":21,"column":29}},"loc":{"start":{"line":21,"column":55},"end":{"line":118,"column":1}}},"1":{"name":"(anonymous_10)","decl":{"start":{"line":24,"column":36},"end":{"line":24,"column":37}},"loc":{"start":{"line":24,"column":62},"end":{"line":35,"column":3}}},"2":{"name":"(anonymous_11)","decl":{"start":{"line":38,"column":4},"end":{"line":38,"column":5}},"loc":{"start":{"line":38,"column":20},"end":{"line":41,"column":5}}},"3":{"name":"(anonymous_12)","decl":{"start":{"line":46,"column":4},"end":{"line":46,"column":5}},"loc":{"start":{"line":46,"column":30},"end":{"line":49,"column":5}}},"4":{"name":"(anonymous_13)","decl":{"start":{"line":54,"column":4},"end":{"line":54,"column":5}},"loc":{"start":{"line":54,"column":30},"end":{"line":57,"column":5}}},"5":{"name":"(anonymous_14)","decl":{"start":{"line":62,"column":4},"end":{"line":62,"column":5}},"loc":{"start":{"line":62,"column":30},"end":{"line":65,"column":5}}},"6":{"name":"(anonymous_15)","decl":{"start":{"line":70,"column":4},"end":{"line":70,"column":5}},"loc":{"start":{"line":70,"column":34},"end":{"line":73,"column":5}}},"7":{"name":"(anonymous_16)","decl":{"start":{"line":78,"column":4},"end":{"line":78,"column":5}},"loc":{"start":{"line":78,"column":30},"end":{"line":81,"column":5}}},"8":{"name":"(anonymous_17)","decl":{"start":{"line":86,"column":4},"end":{"line":86,"column":5}},"loc":{"start":{"line":86,"column":32},"end":{"line":89,"column":5}}},"9":{"name":"(anonymous_18)","decl":{"start":{"line":94,"column":4},"end":{"line":94,"column":7}},"loc":{"start":{"line":94,"column":11},"end":{"line":105,"column":6}}}},"branchMap":{"0":{"loc":{"start":{"line":22,"column":49},"end":{"line":22,"column":78}},"type":"binary-expr","locations":[{"start":{"line":22,"column":49},"end":{"line":22,"column":61}},{"start":{"line":22,"column":65},"end":{"line":22,"column":78}}]}},"s":{"0":1,"1":1,"2":1,"3":1,"4":0,"5":0,"6":0,"7":0,"8":0,"9":0,"10":0,"11":0,"12":0,"13":0,"14":0,"15":0,"16":0,"17":0,"18":0,"19":0,"20":0,"21":0,"22":0,"23":0,"24":0,"25":0,"26":0,"27":0,"28":0,"29":0},"f":{"0":0,"1":0,"2":0,"3":0,"4":0,"5":0,"6":0,"7":0,"8":0,"9":0},"b":{"0":[0,0]}}
,"D:\\DEVELOPER PROJECTS\\obsidian-pixel.github.io\\src\\components\\ColorPicker\\panels\\CollectionsPanel.tsx": {"path":"D:\\DEVELOPER PROJECTS\\obsidian-pixel.github.io\\src\\components\\ColorPicker\\panels\\CollectionsPanel.tsx","statementMap":{"0":{"start":{"line":6,"column":0},"end":{"line":6,"column":50}},"1":{"start":{"line":7,"column":0},"end":{"line":7,"column":51}},"2":{"start":{"line":9,"column":0},"end":{"line":9,"column":null}},"3":{"start":{"line":21,"column":13},"end":{"line":139,"column":2}},"4":{"start":{"line":23,"column":42},"end":{"line":23,"column":73}},"5":{"start":{"line":24,"column":40},"end":{"line":24,"column":55}},"6":{"start":{"line":25,"column":34},"end":{"line":25,"column":46}},"7":{"start":{"line":27,"column":4},"end":{"line":29,"column":11}},"8":{"start":{"line":28,"column":6},"end":{"line":28,"column":24}},"9":{"start":{"line":31,"column":28},"end":{"line":33,"column":5}},"10":{"start":{"line":32,"column":6},"end":{"line":32,"column":39}},"11":{"start":{"line":35,"column":23},"end":{"line":42,"column":5}},"12":{"start":{"line":36,"column":6},"end":{"line":36,"column":34}},"13":{"start":{"line":36,"column":27},"end":{"line":36,"column":34}},"14":{"start":{"line":38,"column":6},"end":{"line":38,"column":52}},"15":{"start":{"line":39,"column":6},"end":{"line":39,"column":21}},"16":{"start":{"line":40,"column":6},"end":{"line":40,"column":27}},"17":{"start":{"line":41,"column":6},"end":{"line":41,"column":24}},"18":{"start":{"line":44,"column":25},"end":{"line":49,"column":5}},"19":{"start":{"line":45,"column":6},"end":{"line":48,"column":7}},"20":{"start":{"line":46,"column":8},"end":{"line":46,"column":29}},"21":{"start":{"line":47,"column":8},"end":{"line":47,"column":26}},"22":{"start":{"line":51,"column":4},"end":{"line":137,"column":6}},"23":{"start":{"line":58,"column":27},"end":{"line":58,"column":46}},"24":{"start":{"line":70,"column":31},"end":{"line":70,"column":57}},"25":{"start":{"line":83,"column":18},"end":{"line":83,"column":39}},"26":{"start":{"line":84,"column":18},"end":{"line":84,"column":33}},"27":{"start":{"line":99,"column":14},"end":{"line":99,"column":39}},"28":{"start":{"line":106,"column":20},"end":{"line":107,"column":null}},"29":{"start":{"line":117,"column":35},"end":{"line":117,"column":70}},"30":{"start":{"line":125,"column":35},"end":{"line":125,"column":62}},"31":{"start":{"line":141,"column":0},"end":{"line":141,"column":50}}},"fnMap":{"0":{"name":"(anonymous_1)","decl":{"start":{"line":22,"column":2},"end":{"line":22,"column":3}},"loc":{"start":{"line":22,"column":42},"end":{"line":138,"column":3}}},"1":{"name":"(anonymous_2)","decl":{"start":{"line":27,"column":14},"end":{"line":27,"column":17}},"loc":{"start":{"line":27,"column":19},"end":{"line":29,"column":5}}},"2":{"name":"(anonymous_3)","decl":{"start":{"line":31,"column":28},"end":{"line":31,"column":31}},"loc":{"start":{"line":31,"column":33},"end":{"line":33,"column":5}}},"3":{"name":"(anonymous_4)","decl":{"start":{"line":35,"column":23},"end":{"line":35,"column":26}},"loc":{"start":{"line":35,"column":28},"end":{"line":42,"column":5}}},"4":{"name":"(anonymous_5)","decl":{"start":{"line":44,"column":25},"end":{"line":44,"column":26}},"loc":{"start":{"line":44,"column":40},"end":{"line":49,"column":5}}},"5":{"name":"(anonymous_6)","decl":{"start":{"line":58,"column":21},"end":{"line":58,"column":24}},"loc":{"start":{"line":58,"column":27},"end":{"line":58,"column":46}}},"6":{"name":"(anonymous_7)","decl":{"start":{"line":70,"column":24},"end":{"line":70,"column":25}},"loc":{"start":{"line":70,"column":31},"end":{"line":70,"column":57}}},"7":{"name":"(anonymous_8)","decl":{"start":{"line":82,"column":25},"end":{"line":82,"column":28}},"loc":{"start":{"line":82,"column":30},"end":{"line":85,"column":17}}},"8":{"name":"(anonymous_9)","decl":{"start":{"line":98,"column":28},"end":{"line":98,"column":29}},"loc":{"start":{"line":99,"column":14},"end":{"line":99,"column":39}}},"9":{"name":"(anonymous_10)","decl":{"start":{"line":105,"column":53},"end":{"line":105,"column":54}},"loc":{"start":{"line":106,"column":20},"end":{"line":107,"column":null}}},"10":{"name":"(anonymous_11)","decl":{"start":{"line":117,"column":29},"end":{"line":117,"column":32}},"loc":{"start":{"line":117,"column":35},"end":{"line":117,"column":70}}},"11":{"name":"(anonymous_12)","decl":{"start":{"line":125,"column":29},"end":{"line":125,"column":32}},"loc":{"start":{"line":125,"column":35},"end":{"line":125,"column":62}}}},"branchMap":{"0":{"loc":{"start":{"line":36,"column":6},"end":{"line":36,"column":34}},"type":"if","locations":[{"start":{"line":36,"column":6},"end":{"line":36,"column":34}}]},"1":{"loc":{"start":{"line":45,"column":6},"end":{"line":48,"column":7}},"type":"if","locations":[{"start":{"line":45,"column":6},"end":{"line":48,"column":7}}]},"2":{"loc":{"start":{"line":65,"column":9},"end":{"line":91,"column":null}},"type":"binary-expr","locations":[{"start":{"line":65,"column":9},"end":{"line":65,"column":19}},{"start":{"line":66,"column":10},"end":{"line":90,"column":null}}]},"3":{"loc":{"start":{"line":95,"column":11},"end":{"line":133,"column":null}},"type":"cond-expr","locations":[{"start":{"line":96,"column":12},"end":{"line":96,"column":68}},{"start":{"line":98,"column":12},"end":{"line":133,"column":14}}]}},"s":{"0":0,"1":0,"2":0,"3":0,"4":0,"5":0,"6":0,"7":0,"8":0,"9":0,"10":0,"11":0,"12":0,"13":0,"14":0,"15":0,"16":0,"17":0,"18":0,"19":0,"20":0,"21":0,"22":0,"23":0,"24":0,"25":0,"26":0,"27":0,"28":0,"29":0,"30":0,"31":0},"f":{"0":0,"1":0,"2":0,"3":0,"4":0,"5":0,"6":0,"7":0,"8":0,"9":0,"10":0,"11":0},"b":{"0":[0],"1":[0],"2":[0,0],"3":[0,0]}}
,"D:\\DEVELOPER PROJECTS\\obsidian-pixel.github.io\\src\\components\\ColorPicker\\panels\\ContrastPanel.tsx": {"path":"D:\\DEVELOPER PROJECTS\\obsidian-pixel.github.io\\src\\components\\ColorPicker\\panels\\ContrastPanel.tsx","statementMap":{"0":{"start":{"line":6,"column":0},"end":{"line":6,"column":29}},"1":{"start":{"line":7,"column":0},"end":{"line":7,"column":48}},"2":{"start":{"line":9,"column":0},"end":{"line":9,"column":81}},"3":{"start":{"line":16,"column":13},"end":{"line":69,"column":3}},"4":{"start":{"line":17,"column":16},"end":{"line":17,"column":64}},"5":{"start":{"line":18,"column":21},"end":{"line":18,"column":47}},"6":{"start":{"line":20,"column":2},"end":{"line":68,"column":4}},"7":{"start":{"line":71,"column":0},"end":{"line":71,"column":44}}},"fnMap":{"0":{"name":"(anonymous_1)","decl":{"start":{"line":16,"column":64},"end":{"line":16,"column":65}},"loc":{"start":{"line":16,"column":95},"end":{"line":69,"column":1}}}},"branchMap":{"0":{"loc":{"start":{"line":42,"column":46},"end":{"line":42,"column":94}},"type":"cond-expr","locations":[{"start":{"line":42,"column":69},"end":{"line":42,"column":80}},{"start":{"line":42,"column":83},"end":{"line":42,"column":94}}]},"1":{"loc":{"start":{"line":44,"column":21},"end":{"line":44,"column":53}},"type":"cond-expr","locations":[{"start":{"line":44,"column":44},"end":{"line":44,"column":47}},{"start":{"line":44,"column":50},"end":{"line":44,"column":53}}]},"2":{"loc":{"start":{"line":46,"column":46},"end":{"line":46,"column":93}},"type":"cond-expr","locations":[{"start":{"line":46,"column":68},"end":{"line":46,"column":79}},{"start":{"line":46,"column":82},"end":{"line":46,"column":93}}]},"3":{"loc":{"start":{"line":48,"column":21},"end":{"line":48,"column":52}},"type":"cond-expr","locations":[{"start":{"line":48,"column":43},"end":{"line":48,"column":46}},{"start":{"line":48,"column":49},"end":{"line":48,"column":52}}]},"4":{"loc":{"start":{"line":56,"column":46},"end":{"line":56,"column":95}},"type":"cond-expr","locations":[{"start":{"line":56,"column":70},"end":{"line":56,"column":81}},{"start":{"line":56,"column":84},"end":{"line":56,"column":95}}]},"5":{"loc":{"start":{"line":58,"column":21},"end":{"line":58,"column":54}},"type":"cond-expr","locations":[{"start":{"line":58,"column":45},"end":{"line":58,"column":48}},{"start":{"line":58,"column":51},"end":{"line":58,"column":54}}]},"6":{"loc":{"start":{"line":60,"column":46},"end":{"line":60,"column":94}},"type":"cond-expr","locations":[{"start":{"line":60,"column":69},"end":{"line":60,"column":80}},{"start":{"line":60,"column":83},"end":{"line":60,"column":94}}]},"7":{"loc":{"start":{"line":62,"column":21},"end":{"line":62,"column":53}},"type":"cond-expr","locations":[{"start":{"line":62,"column":44},"end":{"line":62,"column":47}},{"start":{"line":62,"column":50},"end":{"line":62,"column":53}}]}},"s":{"0":0,"1":0,"2":0,"3":0,"4":0,"5":0,"6":0,"7":0},"f":{"0":0},"b":{"0":[0,0],"1":[0,0],"2":[0,0],"3":[0,0],"4":[0,0],"5":[0,0],"6":[0,0],"7":[0,0]}}
,"D:\\DEVELOPER PROJECTS\\obsidian-pixel.github.io\\src\\components\\ColorPicker\\panels\\ExportPanel.tsx": {"path":"D:\\DEVELOPER PROJECTS\\obsidian-pixel.github.io\\src\\components\\ColorPicker\\panels\\ExportPanel.tsx","statementMap":{"0":{"start":{"line":1,"column":0},"end":{"line":1,"column":39}},"1":{"start":{"line":2,"column":0},"end":{"line":2,"column":46}},"2":{"start":{"line":11,"column":13},"end":{"line":75,"column":3}},"3":{"start":{"line":12,"column":30},"end":{"line":12,"column":59}},"4":{"start":{"line":13,"column":30},"end":{"line":13,"column":45}},"5":{"start":{"line":15,"column":25},"end":{"line":32,"column":3}},"6":{"start":{"line":16,"column":4},"end":{"line":16,"column":39}},"7":{"start":{"line":16,"column":29},"end":{"line":16,"column":39}},"8":{"start":{"line":18,"column":4},"end":{"line":31,"column":5}},"9":{"start":{"line":20,"column":8},"end":{"line":20,"column":44}},"10":{"start":{"line":22,"column":8},"end":{"line":22,"column":46}},"11":{"start":{"line":24,"column":8},"end":{"line":24,"column":45}},"12":{"start":{"line":26,"column":8},"end":{"line":26,"column":36}},"13":{"start":{"line":28,"column":8},"end":{"line":28,"column":38}},"14":{"start":{"line":30,"column":8},"end":{"line":30,"column":18}},"15":{"start":{"line":34,"column":21},"end":{"line":39,"column":3}},"16":{"start":{"line":35,"column":17},"end":{"line":35,"column":33}},"17":{"start":{"line":36,"column":4},"end":{"line":36,"column":40}},"18":{"start":{"line":37,"column":4},"end":{"line":37,"column":20}},"19":{"start":{"line":38,"column":4},"end":{"line":38,"column":45}},"20":{"start":{"line":38,"column":21},"end":{"line":38,"column":37}},"21":{"start":{"line":41,"column":21},"end":{"line":41,"column":37}},"22":{"start":{"line":43,"column":2},"end":{"line":74,"column":4}},"23":{"start":{"line":59,"column":10},"end":{"line":60,"column":null}},"24":{"start":{"line":62,"column":27},"end":{"line":62,"column":39}},"25":{"start":{"line":77,"column":0},"end":{"line":77,"column":40}},"26":{"start":{"line":83,"column":15},"end":{"line":88,"column":15}},"27":{"start":{"line":85,"column":26},"end":{"line":85,"column":35}},"28":{"start":{"line":86,"column":6},"end":{"line":86,"column":92}},"29":{"start":{"line":89,"column":2},"end":{"line":89,"column":31}},"30":{"start":{"line":96,"column":19},"end":{"line":101,"column":null}},"31":{"start":{"line":98,"column":6},"end":{"line":98,"column":40}},"32":{"start":{"line":99,"column":6},"end":{"line":99,"column":17}},"33":{"start":{"line":104,"column":2},"end":{"line":111,"column":3}},"34":{"start":{"line":118,"column":2},"end":{"line":118,"column":79}},"35":{"start":{"line":118,"column":34},"end":{"line":118,"column":66}},"36":{"start":{"line":125,"column":2},"end":{"line":134,"column":4}},"37":{"start":{"line":126,"column":26},"end":{"line":131,"column":6}},"38":{"start":{"line":141,"column":2},"end":{"line":141,"column":45}},"39":{"start":{"line":141,"column":27},"end":{"line":141,"column":32}}},"fnMap":{"0":{"name":"(anonymous_1)","decl":{"start":{"line":11,"column":60},"end":{"line":11,"column":61}},"loc":{"start":{"line":11,"column":75},"end":{"line":75,"column":1}}},"1":{"name":"(anonymous_2)","decl":{"start":{"line":15,"column":25},"end":{"line":15,"column":36}},"loc":{"start":{"line":15,"column":38},"end":{"line":32,"column":3}}},"2":{"name":"(anonymous_3)","decl":{"start":{"line":34,"column":21},"end":{"line":34,"column":24}},"loc":{"start":{"line":34,"column":26},"end":{"line":39,"column":3}}},"3":{"name":"(anonymous_4)","decl":{"start":{"line":38,"column":15},"end":{"line":38,"column":18}},"loc":{"start":{"line":38,"column":21},"end":{"line":38,"column":37}}},"4":{"name":"(anonymous_5)","decl":{"start":{"line":58,"column":76},"end":{"line":58,"column":77}},"loc":{"start":{"line":59,"column":10},"end":{"line":60,"column":null}}},"5":{"name":"(anonymous_6)","decl":{"start":{"line":62,"column":21},"end":{"line":62,"column":24}},"loc":{"start":{"line":62,"column":27},"end":{"line":62,"column":39}}},"6":{"name":"generateCSSVariables","decl":{"start":{"line":82,"column":9},"end":{"line":82,"column":29}},"loc":{"start":{"line":82,"column":50},"end":{"line":90,"column":1}}},"7":{"name":"(anonymous_8)","decl":{"start":{"line":84,"column":9},"end":{"line":84,"column":10}},"loc":{"start":{"line":84,"column":22},"end":{"line":87,"column":5}}},"8":{"name":"generateTailwindConfig","decl":{"start":{"line":95,"column":9},"end":{"line":95,"column":31}},"loc":{"start":{"line":95,"column":52},"end":{"line":112,"column":1}}},"9":{"name":"(anonymous_10)","decl":{"start":{"line":97,"column":4},"end":{"line":97,"column":5}},"loc":{"start":{"line":97,"column":22},"end":{"line":100,"column":5}}},"10":{"name":"generateSCSSVariables","decl":{"start":{"line":117,"column":9},"end":{"line":117,"column":30}},"loc":{"start":{"line":117,"column":51},"end":{"line":119,"column":1}}},"11":{"name":"(anonymous_12)","decl":{"start":{"line":118,"column":20},"end":{"line":118,"column":21}},"loc":{"start":{"line":118,"column":34},"end":{"line":118,"column":66}}},"12":{"name":"generateJSON","decl":{"start":{"line":124,"column":9},"end":{"line":124,"column":21}},"loc":{"start":{"line":124,"column":42},"end":{"line":135,"column":1}}},"13":{"name":"(anonymous_14)","decl":{"start":{"line":126,"column":15},"end":{"line":126,"column":16}},"loc":{"start":{"line":126,"column":26},"end":{"line":131,"column":6}}},"14":{"name":"generateRawHex","decl":{"start":{"line":140,"column":9},"end":{"line":140,"column":23}},"loc":{"start":{"line":140,"column":44},"end":{"line":142,"column":1}}},"15":{"name":"(anonymous_16)","decl":{"start":{"line":141,"column":20},"end":{"line":141,"column":21}},"loc":{"start":{"line":141,"column":27},"end":{"line":141,"column":32}}}},"branchMap":{"0":{"loc":{"start":{"line":16,"column":4},"end":{"line":16,"column":39}},"type":"if","locations":[{"start":{"line":16,"column":4},"end":{"line":16,"column":39}}]},"1":{"loc":{"start":{"line":18,"column":4},"end":{"line":31,"column":5}},"type":"switch","locations":[{"start":{"line":19,"column":6},"end":{"line":20,"column":44}},{"start":{"line":21,"column":6},"end":{"line":22,"column":46}},{"start":{"line":23,"column":6},"end":{"line":24,"column":45}},{"start":{"line":25,"column":6},"end":{"line":26,"column":36}},{"start":{"line":27,"column":6},"end":{"line":28,"column":38}},{"start":{"line":29,"column":6},"end":{"line":30,"column":18}}]},"2":{"loc":{"start":{"line":53,"column":11},"end":{"line":53,"column":39}},"type":"cond-expr","locations":[{"start":{"line":53,"column":20},"end":{"line":53,"column":30}},{"start":{"line":53,"column":33},"end":{"line":53,"column":39}}]},"3":{"loc":{"start":{"line":63,"column":46},"end":{"line":63,"column":79}},"type":"cond-expr","locations":[{"start":{"line":63,"column":61},"end":{"line":63,"column":74}},{"start":{"line":63,"column":77},"end":{"line":63,"column":79}}]},"4":{"loc":{"start":{"line":71,"column":38},"end":{"line":71,"column":73}},"type":"binary-expr","locations":[{"start":{"line":71,"column":38},"end":{"line":71,"column":48}},{"start":{"line":71,"column":52},"end":{"line":71,"column":73}}]}},"s":{"0":0,"1":0,"2":0,"3":0,"4":0,"5":0,"6":0,"7":0,"8":0,"9":0,"10":0,"11":0,"12":0,"13":0,"14":0,"15":0,"16":0,"17":0,"18":0,"19":0,"20":0,"21":0,"22":0,"23":0,"24":0,"25":0,"26":0,"27":0,"28":0,"29":0,"30":0,"31":0,"32":0,"33":0,"34":0,"35":0,"36":0,"37":0,"38":0,"39":0},"f":{"0":0,"1":0,"2":0,"3":0,"4":0,"5":0,"6":0,"7":0,"8":0,"9":0,"10":0,"11":0,"12":0,"13":0,"14":0,"15":0},"b":{"0":[0],"1":[0,0,0,0,0,0],"2":[0,0],"3":[0,0],"4":[0,0]}}
,"D:\\DEVELOPER PROJECTS\\obsidian-pixel.github.io\\src\\components\\ColorPicker\\panels\\HistoryPanel.tsx": {"path":"D:\\DEVELOPER PROJECTS\\obsidian-pixel.github.io\\src\\components\\ColorPicker\\panels\\HistoryPanel.tsx","statementMap":{"0":{"start":{"line":6,"column":0},"end":{"line":6,"column":50}},"1":{"start":{"line":7,"column":0},"end":{"line":7,"column":47}},"2":{"start":{"line":9,"column":0},"end":{"line":9,"column":65}},"3":{"start":{"line":15,"column":13},"end":{"line":83,"column":3}},"4":{"start":{"line":16,"column":32},"end":{"line":16,"column":58}},"5":{"start":{"line":18,"column":2},"end":{"line":20,"column":9}},"6":{"start":{"line":19,"column":4},"end":{"line":19,"column":18}},"7":{"start":{"line":22,"column":22},"end":{"line":24,"column":3}},"8":{"start":{"line":23,"column":4},"end":{"line":23,"column":29}},"9":{"start":{"line":26,"column":22},"end":{"line":31,"column":3}},"10":{"start":{"line":27,"column":4},"end":{"line":30,"column":5}},"11":{"start":{"line":28,"column":6},"end":{"line":28,"column":21}},"12":{"start":{"line":29,"column":6},"end":{"line":29,"column":21}},"13":{"start":{"line":34,"column":2},"end":{"line":37,"column":9}},"14":{"start":{"line":35,"column":21},"end":{"line":35,"column":51}},"15":{"start":{"line":36,"column":4},"end":{"line":36,"column":41}},"16":{"start":{"line":36,"column":17},"end":{"line":36,"column":40}},"17":{"start":{"line":39,"column":2},"end":{"line":82,"column":4}},"18":{"start":{"line":60,"column":12},"end":{"line":61,"column":null}},"19":{"start":{"line":64,"column":29},"end":{"line":64,"column":49}},"20":{"start":{"line":66,"column":16},"end":{"line":69,"column":17}},"21":{"start":{"line":67,"column":18},"end":{"line":67,"column":37}},"22":{"start":{"line":68,"column":18},"end":{"line":68,"column":39}},"23":{"start":{"line":85,"column":0},"end":{"line":85,"column":42}}},"fnMap":{"0":{"name":"(anonymous_1)","decl":{"start":{"line":15,"column":62},"end":{"line":15,"column":63}},"loc":{"start":{"line":15,"column":84},"end":{"line":83,"column":1}}},"1":{"name":"(anonymous_2)","decl":{"start":{"line":18,"column":12},"end":{"line":18,"column":15}},"loc":{"start":{"line":18,"column":17},"end":{"line":20,"column":3}}},"2":{"name":"(anonymous_3)","decl":{"start":{"line":22,"column":22},"end":{"line":22,"column":25}},"loc":{"start":{"line":22,"column":27},"end":{"line":24,"column":3}}},"3":{"name":"(anonymous_4)","decl":{"start":{"line":26,"column":22},"end":{"line":26,"column":25}},"loc":{"start":{"line":26,"column":27},"end":{"line":31,"column":3}}},"4":{"name":"(anonymous_5)","decl":{"start":{"line":34,"column":12},"end":{"line":34,"column":15}},"loc":{"start":{"line":34,"column":17},"end":{"line":37,"column":3}}},"5":{"name":"(anonymous_6)","decl":{"start":{"line":36,"column":11},"end":{"line":36,"column":14}},"loc":{"start":{"line":36,"column":17},"end":{"line":36,"column":40}}},"6":{"name":"(anonymous_7)","decl":{"start":{"line":59,"column":35},"end":{"line":59,"column":36}},"loc":{"start":{"line":60,"column":12},"end":{"line":61,"column":null}}},"7":{"name":"(anonymous_8)","decl":{"start":{"line":64,"column":23},"end":{"line":64,"column":26}},"loc":{"start":{"line":64,"column":29},"end":{"line":64,"column":49}}},"8":{"name":"(anonymous_9)","decl":{"start":{"line":65,"column":25},"end":{"line":65,"column":26}},"loc":{"start":{"line":65,"column":31},"end":{"line":70,"column":15}}}},"branchMap":{"0":{"loc":{"start":{"line":27,"column":4},"end":{"line":30,"column":5}},"type":"if","locations":[{"start":{"line":27,"column":4},"end":{"line":30,"column":5}}]},"1":{"loc":{"start":{"line":43,"column":9},"end":{"line":51,"column":null}},"type":"binary-expr","locations":[{"start":{"line":43,"column":9},"end":{"line":43,"column":27}},{"start":{"line":44,"column":10},"end":{"line":48,"column":null}}]},"2":{"loc":{"start":{"line":56,"column":9},"end":{"line":78,"column":null}},"type":"cond-expr","locations":[{"start":{"line":57,"column":10},"end":{"line":57,"column":58}},{"start":{"line":59,"column":10},"end":{"line":78,"column":12}}]},"3":{"loc":{"start":{"line":66,"column":16},"end":{"line":69,"column":17}},"type":"if","locations":[{"start":{"line":66,"column":16},"end":{"line":69,"column":17}}]},"4":{"loc":{"start":{"line":66,"column":20},"end":{"line":66,"column":54}},"type":"binary-expr","locations":[{"start":{"line":66,"column":20},"end":{"line":66,"column":37}},{"start":{"line":66,"column":41},"end":{"line":66,"column":54}}]}},"s":{"0":0,"1":0,"2":0,"3":0,"4":0,"5":0,"6":0,"7":0,"8":0,"9":0,"10":0,"11":0,"12":0,"13":0,"14":0,"15":0,"16":0,"17":0,"18":0,"19":0,"20":0,"21":0,"22":0,"23":0},"f":{"0":0,"1":0,"2":0,"3":0,"4":0,"5":0,"6":0,"7":0,"8":0},"b":{"0":[0],"1":[0,0],"2":[0,0],"3":[0],"4":[0,0]}}
,"D:\\DEVELOPER PROJECTS\\obsidian-pixel.github.io\\src\\components\\ColorPicker\\panels\\ImageExtractorPanel.tsx": {"path":"D:\\DEVELOPER PROJECTS\\obsidian-pixel.github.io\\src\\components\\ColorPicker\\panels\\ImageExtractorPanel.tsx","statementMap":{"0":{"start":{"line":6,"column":0},"end":{"line":6,"column":39}},"1":{"start":{"line":7,"column":0},"end":{"line":7,"column":54}},"2":{"start":{"line":9,"column":0},"end":{"line":9,"column":70}},"3":{"start":{"line":16,"column":13},"end":{"line":118,"column":2}},"4":{"start":{"line":18,"column":44},"end":{"line":18,"column":59}},"5":{"start":{"line":19,"column":50},"end":{"line":19,"column":76}},"6":{"start":{"line":20,"column":40},"end":{"line":20,"column":69}},"7":{"start":{"line":22,"column":29},"end":{"line":45,"column":5}},"8":{"start":{"line":23,"column":19},"end":{"line":23,"column":38}},"9":{"start":{"line":24,"column":6},"end":{"line":24,"column":24}},"10":{"start":{"line":24,"column":17},"end":{"line":24,"column":24}},"11":{"start":{"line":27,"column":6},"end":{"line":30,"column":7}},"12":{"start":{"line":28,"column":8},"end":{"line":28,"column":45}},"13":{"start":{"line":29,"column":8},"end":{"line":29,"column":15}},"14":{"start":{"line":32,"column":6},"end":{"line":32,"column":28}},"15":{"start":{"line":33,"column":6},"end":{"line":33,"column":47}},"16":{"start":{"line":35,"column":6},"end":{"line":44,"column":7}},"17":{"start":{"line":36,"column":23},"end":{"line":36,"column":61}},"18":{"start":{"line":37,"column":8},"end":{"line":37,"column":35}},"19":{"start":{"line":38,"column":8},"end":{"line":38,"column":34}},"20":{"start":{"line":40,"column":8},"end":{"line":40,"column":58}},"21":{"start":{"line":41,"column":8},"end":{"line":41,"column":53}},"22":{"start":{"line":43,"column":8},"end":{"line":43,"column":31}},"23":{"start":{"line":47,"column":24},"end":{"line":50,"column":5}},"24":{"start":{"line":48,"column":6},"end":{"line":48,"column":29}},"25":{"start":{"line":49,"column":6},"end":{"line":49,"column":26}},"26":{"start":{"line":52,"column":4},"end":{"line":116,"column":6}},"27":{"start":{"line":95,"column":16},"end":{"line":96,"column":null}},"28":{"start":{"line":100,"column":33},"end":{"line":100,"column":55}},"29":{"start":{"line":104,"column":20},"end":{"line":106,"column":21}},"30":{"start":{"line":105,"column":22},"end":{"line":105,"column":45}},"31":{"start":{"line":120,"column":0},"end":{"line":120,"column":56}}},"fnMap":{"0":{"name":"(anonymous_1)","decl":{"start":{"line":17,"column":2},"end":{"line":17,"column":3}},"loc":{"start":{"line":17,"column":43},"end":{"line":117,"column":3}}},"1":{"name":"(anonymous_2)","decl":{"start":{"line":22,"column":29},"end":{"line":22,"column":34}},"loc":{"start":{"line":22,"column":78},"end":{"line":45,"column":5}}},"2":{"name":"(anonymous_3)","decl":{"start":{"line":47,"column":24},"end":{"line":47,"column":27}},"loc":{"start":{"line":47,"column":29},"end":{"line":50,"column":5}}},"3":{"name":"(anonymous_4)","decl":{"start":{"line":94,"column":35},"end":{"line":94,"column":36}},"loc":{"start":{"line":95,"column":16},"end":{"line":96,"column":null}}},"4":{"name":"(anonymous_5)","decl":{"start":{"line":100,"column":27},"end":{"line":100,"column":30}},"loc":{"start":{"line":100,"column":33},"end":{"line":100,"column":55}}},"5":{"name":"(anonymous_6)","decl":{"start":{"line":103,"column":29},"end":{"line":103,"column":30}},"loc":{"start":{"line":103,"column":35},"end":{"line":107,"column":19}}}},"branchMap":{"0":{"loc":{"start":{"line":24,"column":6},"end":{"line":24,"column":24}},"type":"if","locations":[{"start":{"line":24,"column":6},"end":{"line":24,"column":24}}]},"1":{"loc":{"start":{"line":27,"column":6},"end":{"line":30,"column":7}},"type":"if","locations":[{"start":{"line":27,"column":6},"end":{"line":30,"column":7}}]},"2":{"loc":{"start":{"line":56,"column":11},"end":{"line":59,"column":null}},"type":"binary-expr","locations":[{"start":{"line":56,"column":11},"end":{"line":56,"column":37}},{"start":{"line":57,"column":12},"end":{"line":57,"column":null}}]},"3":{"loc":{"start":{"line":72,"column":13},"end":{"line":79,"column":null}},"type":"cond-expr","locations":[{"start":{"line":73,"column":14},"end":{"line":73,"column":47}},{"start":{"line":75,"column":14},"end":{"line":78,"column":null}}]},"4":{"loc":{"start":{"line":84,"column":9},"end":{"line":87,"column":null}},"type":"binary-expr","locations":[{"start":{"line":84,"column":9},"end":{"line":84,"column":19}},{"start":{"line":85,"column":10},"end":{"line":86,"column":null}}]},"5":{"loc":{"start":{"line":90,"column":9},"end":{"line":113,"column":null}},"type":"binary-expr","locations":[{"start":{"line":90,"column":9},"end":{"line":90,"column":35}},{"start":{"line":91,"column":10},"end":{"line":112,"column":null}}]},"6":{"loc":{"start":{"line":104,"column":20},"end":{"line":106,"column":21}},"type":"if","locations":[{"start":{"line":104,"column":20},"end":{"line":106,"column":21}}]},"7":{"loc":{"start":{"line":104,"column":24},"end":{"line":104,"column":58}},"type":"binary-expr","locations":[{"start":{"line":104,"column":24},"end":{"line":104,"column":41}},{"start":{"line":104,"column":45},"end":{"line":104,"column":58}}]}},"s":{"0":1,"1":1,"2":1,"3":1,"4":3,"5":3,"6":3,"7":3,"8":1,"9":1,"10":0,"11":1,"12":0,"13":0,"14":1,"15":1,"16":1,"17":1,"18":1,"19":1,"20":0,"21":0,"22":1,"23":3,"24":0,"25":0,"26":3,"27":2,"28":1,"29":0,"30":0,"31":1},"f":{"0":3,"1":1,"2":0,"3":2,"4":1,"5":0},"b":{"0":[0],"1":[0],"2":[3,1],"3":[1,2],"4":[3,0],"5":[3,1],"6":[0],"7":[0,0]}}
,"D:\\DEVELOPER PROJECTS\\obsidian-pixel.github.io\\src\\components\\ColorPicker\\panels\\PalettePanel.tsx": {"path":"D:\\DEVELOPER PROJECTS\\obsidian-pixel.github.io\\src\\components\\ColorPicker\\panels\\PalettePanel.tsx","statementMap":{"0":{"start":{"line":6,"column":0},"end":{"line":6,"column":39}},"1":{"start":{"line":7,"column":0},"end":{"line":7,"column":47}},"2":{"start":{"line":19,"column":63},"end":{"line":29,"column":2}},"3":{"start":{"line":31,"column":13},"end":{"line":111,"column":2}},"4":{"start":{"line":33,"column":42},"end":{"line":33,"column":71}},"5":{"start":{"line":35,"column":23},"end":{"line":39,"column":5}},"6":{"start":{"line":36,"column":6},"end":{"line":36,"column":47}},"7":{"start":{"line":37,"column":6},"end":{"line":37,"column":28}},"8":{"start":{"line":38,"column":6},"end":{"line":38,"column":51}},"9":{"start":{"line":38,"column":23},"end":{"line":38,"column":43}},"10":{"start":{"line":41,"column":4},"end":{"line":109,"column":6}},"11":{"start":{"line":47,"column":29},"end":{"line":47,"column":72}},"12":{"start":{"line":52,"column":14},"end":{"line":52,"column":39}},"13":{"start":{"line":61,"column":12},"end":{"line":62,"column":null}},"14":{"start":{"line":65,"column":29},"end":{"line":65,"column":49}},"15":{"start":{"line":67,"column":16},"end":{"line":70,"column":17}},"16":{"start":{"line":68,"column":18},"end":{"line":68,"column":37}},"17":{"start":{"line":69,"column":18},"end":{"line":69,"column":39}},"18":{"start":{"line":83,"column":22},"end":{"line":83,"column":42}},"19":{"start":{"line":84,"column":22},"end":{"line":84,"column":44}},"20":{"start":{"line":95,"column":22},"end":{"line":95,"column":42}},"21":{"start":{"line":96,"column":22},"end":{"line":96,"column":47}},"22":{"start":{"line":113,"column":0},"end":{"line":113,"column":42}}},"fnMap":{"0":{"name":"(anonymous_1)","decl":{"start":{"line":32,"column":2},"end":{"line":32,"column":3}},"loc":{"start":{"line":32,"column":93},"end":{"line":110,"column":3}}},"1":{"name":"(anonymous_2)","decl":{"start":{"line":35,"column":23},"end":{"line":35,"column":24}},"loc":{"start":{"line":35,"column":60},"end":{"line":39,"column":5}}},"2":{"name":"(anonymous_3)","decl":{"start":{"line":38,"column":17},"end":{"line":38,"column":20}},"loc":{"start":{"line":38,"column":23},"end":{"line":38,"column":43}}},"3":{"name":"(anonymous_4)","decl":{"start":{"line":47,"column":22},"end":{"line":47,"column":23}},"loc":{"start":{"line":47,"column":29},"end":{"line":47,"column":72}}},"4":{"name":"(anonymous_5)","decl":{"start":{"line":51,"column":31},"end":{"line":51,"column":32}},"loc":{"start":{"line":52,"column":14},"end":{"line":52,"column":39}}},"5":{"name":"(anonymous_6)","decl":{"start":{"line":60,"column":22},"end":{"line":60,"column":23}},"loc":{"start":{"line":61,"column":12},"end":{"line":62,"column":null}}},"6":{"name":"(anonymous_7)","decl":{"start":{"line":65,"column":23},"end":{"line":65,"column":26}},"loc":{"start":{"line":65,"column":29},"end":{"line":65,"column":49}}},"7":{"name":"(anonymous_8)","decl":{"start":{"line":66,"column":25},"end":{"line":66,"column":26}},"loc":{"start":{"line":66,"column":31},"end":{"line":71,"column":15}}},"8":{"name":"(anonymous_9)","decl":{"start":{"line":82,"column":29},"end":{"line":82,"column":30}},"loc":{"start":{"line":82,"column":35},"end":{"line":85,"column":21}}},"9":{"name":"(anonymous_10)","decl":{"start":{"line":94,"column":29},"end":{"line":94,"column":30}},"loc":{"start":{"line":94,"column":35},"end":{"line":97,"column":21}}}},"branchMap":{"0":{"loc":{"start":{"line":32,"column":56},"end":{"line":32,"column":73}},"type":"default-arg","locations":[{"start":{"line":32,"column":71},"end":{"line":32,"column":73}}]},"1":{"loc":{"start":{"line":67,"column":16},"end":{"line":70,"column":17}},"type":"if","locations":[{"start":{"line":67,"column":16},"end":{"line":70,"column":17}}]},"2":{"loc":{"start":{"line":67,"column":20},"end":{"line":67,"column":54}},"type":"binary-expr","locations":[{"start":{"line":67,"column":20},"end":{"line":67,"column":37}},{"start":{"line":67,"column":41},"end":{"line":67,"column":54}}]},"3":{"loc":{"start":{"line":81,"column":52},"end":{"line":81,"column":92}},"type":"cond-expr","locations":[{"start":{"line":81,"column":74},"end":{"line":81,"column":87}},{"start":{"line":81,"column":90},"end":{"line":81,"column":92}}]},"4":{"loc":{"start":{"line":86,"column":32},"end":{"line":86,"column":83}},"type":"cond-expr","locations":[{"start":{"line":86,"column":54},"end":{"line":86,"column":68}},{"start":{"line":86,"column":71},"end":{"line":86,"column":83}}]},"5":{"loc":{"start":{"line":87,"column":27},"end":{"line":87,"column":78}},"type":"cond-expr","locations":[{"start":{"line":87,"column":49},"end":{"line":87,"column":63}},{"start":{"line":87,"column":66},"end":{"line":87,"column":78}}]},"6":{"loc":{"start":{"line":89,"column":21},"end":{"line":89,"column":54}},"type":"cond-expr","locations":[{"start":{"line":89,"column":43},"end":{"line":89,"column":47}},{"start":{"line":89,"column":50},"end":{"line":89,"column":54}}]},"7":{"loc":{"start":{"line":101,"column":21},"end":{"line":101,"column":54}},"type":"cond-expr","locations":[{"start":{"line":101,"column":45},"end":{"line":101,"column":48}},{"start":{"line":101,"column":51},"end":{"line":101,"column":54}}]}},"s":{"0":1,"1":1,"2":1,"3":1,"4":3,"5":3,"6":0,"7":0,"8":0,"9":0,"10":3,"11":0,"12":27,"13":6,"14":1,"15":0,"16":0,"17":0,"18":1,"19":1,"20":0,"21":0,"22":1},"f":{"0":3,"1":0,"2":0,"3":0,"4":27,"5":6,"6":1,"7":0,"8":1,"9":0},"b":{"0":[0],"1":[0],"2":[0,0],"3":[3,3],"4":[3,3],"5":[3,3],"6":[3,3],"7":[0,6]}}
,"D:\\DEVELOPER PROJECTS\\obsidian-pixel.github.io\\src\\components\\ColorPicker\\pickers\\AlphaSlider.tsx": {"path":"D:\\DEVELOPER PROJECTS\\obsidian-pixel.github.io\\src\\components\\ColorPicker\\pickers\\AlphaSlider.tsx","statementMap":{"0":{"start":{"line":7,"column":0},"end":{"line":7,"column":65}},"1":{"start":{"line":8,"column":0},"end":{"line":8,"column":46}},"2":{"start":{"line":17,"column":55},"end":{"line":172,"column":1}},"3":{"start":{"line":18,"column":20},"end":{"line":18,"column":48}},"4":{"start":{"line":19,"column":22},"end":{"line":19,"column":53}},"5":{"start":{"line":20,"column":38},"end":{"line":20,"column":53}},"6":{"start":{"line":23,"column":2},"end":{"line":57,"column":14}},"7":{"start":{"line":24,"column":19},"end":{"line":24,"column":38}},"8":{"start":{"line":25,"column":4},"end":{"line":25,"column":24}},"9":{"start":{"line":25,"column":17},"end":{"line":25,"column":24}},"10":{"start":{"line":27,"column":16},"end":{"line":27,"column":39}},"11":{"start":{"line":28,"column":4},"end":{"line":28,"column":21}},"12":{"start":{"line":28,"column":14},"end":{"line":28,"column":21}},"13":{"start":{"line":31,"column":4},"end":{"line":31,"column":37}},"14":{"start":{"line":31,"column":30},"end":{"line":31,"column":37}},"15":{"start":{"line":33,"column":18},"end":{"line":33,"column":30}},"16":{"start":{"line":34,"column":19},"end":{"line":34,"column":32}},"17":{"start":{"line":35,"column":24},"end":{"line":35,"column":25}},"18":{"start":{"line":38,"column":4},"end":{"line":44,"column":5}},"19":{"start":{"line":38,"column":17},"end":{"line":38,"column":18}},"20":{"start":{"line":39,"column":6},"end":{"line":43,"column":7}},"21":{"start":{"line":39,"column":19},"end":{"line":39,"column":20}},"22":{"start":{"line":40,"column":23},"end":{"line":40,"column":92}},"23":{"start":{"line":41,"column":8},"end":{"line":41,"column":55}},"24":{"start":{"line":42,"column":8},"end":{"line":42,"column":53}},"25":{"start":{"line":47,"column":21},"end":{"line":47,"column":61}},"26":{"start":{"line":48,"column":16},"end":{"line":48,"column":25}},"27":{"start":{"line":49,"column":14},"end":{"line":49,"column":24}},"28":{"start":{"line":50,"column":14},"end":{"line":50,"column":24}},"29":{"start":{"line":51,"column":14},"end":{"line":51,"column":24}},"30":{"start":{"line":52,"column":4},"end":{"line":52,"column":58}},"31":{"start":{"line":53,"column":4},"end":{"line":53,"column":58}},"32":{"start":{"line":55,"column":4},"end":{"line":55,"column":29}},"33":{"start":{"line":56,"column":4},"end":{"line":56,"column":38}},"34":{"start":{"line":59,"column":28},"end":{"line":70,"column":null}},"35":{"start":{"line":61,"column":21},"end":{"line":61,"column":38}},"36":{"start":{"line":62,"column":6},"end":{"line":62,"column":26}},"37":{"start":{"line":62,"column":19},"end":{"line":62,"column":26}},"38":{"start":{"line":64,"column":19},"end":{"line":64,"column":49}},"39":{"start":{"line":65,"column":16},"end":{"line":65,"column":70}},"40":{"start":{"line":66,"column":23},"end":{"line":66,"column":45}},"41":{"start":{"line":68,"column":6},"end":{"line":68,"column":65}},"42":{"start":{"line":73,"column":26},"end":{"line":78,"column":null}},"43":{"start":{"line":75,"column":6},"end":{"line":75,"column":26}},"44":{"start":{"line":76,"column":6},"end":{"line":76,"column":35}},"45":{"start":{"line":81,"column":26},"end":{"line":87,"column":null}},"46":{"start":{"line":83,"column":6},"end":{"line":85,"column":7}},"47":{"start":{"line":84,"column":8},"end":{"line":84,"column":37}},"48":{"start":{"line":90,"column":24},"end":{"line":92,"column":8}},"49":{"start":{"line":91,"column":4},"end":{"line":91,"column":25}},"50":{"start":{"line":94,"column":27},"end":{"line":103,"column":null}},"51":{"start":{"line":96,"column":6},"end":{"line":96,"column":25}},"52":{"start":{"line":97,"column":6},"end":{"line":97,"column":26}},"53":{"start":{"line":98,"column":20},"end":{"line":98,"column":32}},"54":{"start":{"line":99,"column":6},"end":{"line":101,"column":7}},"55":{"start":{"line":100,"column":8},"end":{"line":100,"column":41}},"56":{"start":{"line":106,"column":26},"end":{"line":114,"column":null}},"57":{"start":{"line":108,"column":6},"end":{"line":108,"column":25}},"58":{"start":{"line":109,"column":20},"end":{"line":109,"column":32}},"59":{"start":{"line":110,"column":6},"end":{"line":112,"column":7}},"60":{"start":{"line":111,"column":8},"end":{"line":111,"column":41}},"61":{"start":{"line":117,"column":25},"end":{"line":120,"column":8}},"62":{"start":{"line":118,"column":4},"end":{"line":118,"column":23}},"63":{"start":{"line":119,"column":4},"end":{"line":119,"column":25}},"64":{"start":{"line":122,"column":24},"end":{"line":137,"column":null}},"65":{"start":{"line":124,"column":18},"end":{"line":124,"column":19}},"66":{"start":{"line":125,"column":6},"end":{"line":131,"column":7}},"67":{"start":{"line":126,"column":8},"end":{"line":126,"column":19}},"68":{"start":{"line":127,"column":13},"end":{"line":131,"column":7}},"69":{"start":{"line":128,"column":8},"end":{"line":128,"column":18}},"70":{"start":{"line":130,"column":8},"end":{"line":130,"column":15}},"71":{"start":{"line":133,"column":6},"end":{"line":133,"column":25}},"72":{"start":{"line":134,"column":23},"end":{"line":134,"column":64}},"73":{"start":{"line":135,"column":6},"end":{"line":135,"column":25}},"74":{"start":{"line":140,"column":24},"end":{"line":140,"column":35}},"75":{"start":{"line":142,"column":2},"end":{"line":171,"column":4}},"76":{"start":{"line":17,"column":13},"end":{"line":17,"column":55}}},"fnMap":{"0":{"name":"(anonymous_1)","decl":{"start":{"line":17,"column":55},"end":{"line":17,"column":56}},"loc":{"start":{"line":17,"column":86},"end":{"line":172,"column":1}}},"1":{"name":"(anonymous_2)","decl":{"start":{"line":23,"column":12},"end":{"line":23,"column":15}},"loc":{"start":{"line":23,"column":17},"end":{"line":57,"column":3}}},"2":{"name":"(anonymous_3)","decl":{"start":{"line":60,"column":4},"end":{"line":60,"column":5}},"loc":{"start":{"line":60,"column":24},"end":{"line":69,"column":5}}},"3":{"name":"(anonymous_4)","decl":{"start":{"line":74,"column":4},"end":{"line":74,"column":5}},"loc":{"start":{"line":74,"column":28},"end":{"line":77,"column":5}}},"4":{"name":"(anonymous_5)","decl":{"start":{"line":82,"column":4},"end":{"line":82,"column":5}},"loc":{"start":{"line":82,"column":28},"end":{"line":86,"column":5}}},"5":{"name":"(anonymous_6)","decl":{"start":{"line":90,"column":36},"end":{"line":90,"column":39}},"loc":{"start":{"line":90,"column":41},"end":{"line":92,"column":3}}},"6":{"name":"(anonymous_7)","decl":{"start":{"line":95,"column":4},"end":{"line":95,"column":5}},"loc":{"start":{"line":95,"column":28},"end":{"line":102,"column":5}}},"7":{"name":"(anonymous_8)","decl":{"start":{"line":107,"column":4},"end":{"line":107,"column":5}},"loc":{"start":{"line":107,"column":28},"end":{"line":113,"column":5}}},"8":{"name":"(anonymous_9)","decl":{"start":{"line":117,"column":37},"end":{"line":117,"column":38}},"loc":{"start":{"line":117,"column":61},"end":{"line":120,"column":3}}},"9":{"name":"(anonymous_10)","decl":{"start":{"line":123,"column":4},"end":{"line":123,"column":5}},"loc":{"start":{"line":123,"column":31},"end":{"line":136,"column":5}}}},"branchMap":{"0":{"loc":{"start":{"line":25,"column":4},"end":{"line":25,"column":24}},"type":"if","locations":[{"start":{"line":25,"column":4},"end":{"line":25,"column":24}}]},"1":{"loc":{"start":{"line":28,"column":4},"end":{"line":28,"column":21}},"type":"if","locations":[{"start":{"line":28,"column":4},"end":{"line":28,"column":21}}]},"2":{"loc":{"start":{"line":31,"column":4},"end":{"line":31,"column":37}},"type":"if","locations":[{"start":{"line":31,"column":4},"end":{"line":31,"column":37}}]},"3":{"loc":{"start":{"line":31,"column":8},"end":{"line":31,"column":28}},"type":"binary-expr","locations":[{"start":{"line":31,"column":8},"end":{"line":31,"column":14}},{"start":{"line":31,"column":18},"end":{"line":31,"column":28}}]},"4":{"loc":{"start":{"line":41,"column":24},"end":{"line":41,"column":54}},"type":"cond-expr","locations":[{"start":{"line":41,"column":33},"end":{"line":41,"column":42}},{"start":{"line":41,"column":45},"end":{"line":41,"column":54}}]},"5":{"loc":{"start":{"line":49,"column":14},"end":{"line":49,"column":24}},"type":"binary-expr","locations":[{"start":{"line":49,"column":14},"end":{"line":49,"column":19}},{"start":{"line":49,"column":23},"end":{"line":49,"column":24}}]},"6":{"loc":{"start":{"line":50,"column":14},"end":{"line":50,"column":24}},"type":"binary-expr","locations":[{"start":{"line":50,"column":14},"end":{"line":50,"column":19}},{"start":{"line":50,"column":23},"end":{"line":50,"column":24}}]},"7":{"loc":{"start":{"line":51,"column":14},"end":{"line":51,"column":24}},"type":"binary-expr","locations":[{"start":{"line":51,"column":14},"end":{"line":51,"column":19}},{"start":{"line":51,"column":23},"end":{"line":51,"column":24}}]},"8":{"loc":{"start":{"line":62,"column":6},"end":{"line":62,"column":26}},"type":"if","locations":[{"start":{"line":62,"column":6},"end":{"line":62,"column":26}}]},"9":{"loc":{"start":{"line":83,"column":6},"end":{"line":85,"column":7}},"type":"if","locations":[{"start":{"line":83,"column":6},"end":{"line":85,"column":7}}]},"10":{"loc":{"start":{"line":99,"column":6},"end":{"line":101,"column":7}},"type":"if","locations":[{"start":{"line":99,"column":6},"end":{"line":101,"column":7}}]},"11":{"loc":{"start":{"line":110,"column":6},"end":{"line":112,"column":7}},"type":"if","locations":[{"start":{"line":110,"column":6},"end":{"line":112,"column":7}}]},"12":{"loc":{"start":{"line":125,"column":6},"end":{"line":131,"column":7}},"type":"if","locations":[{"start":{"line":125,"column":6},"end":{"line":131,"column":7}},{"start":{"line":127,"column":13},"end":{"line":131,"column":7}}]},"13":{"loc":{"start":{"line":125,"column":10},"end":{"line":125,"column":56}},"type":"binary-expr","locations":[{"start":{"line":125,"column":10},"end":{"line":125,"column":31}},{"start":{"line":125,"column":35},"end":{"line":125,"column":56}}]},"14":{"loc":{"start":{"line":127,"column":13},"end":{"line":131,"column":7}},"type":"if","locations":[{"start":{"line":127,"column":13},"end":{"line":131,"column":7}},{"start":{"line":129,"column":13},"end":{"line":131,"column":7}}]},"15":{"loc":{"start":{"line":127,"column":17},"end":{"line":127,"column":62}},"type":"binary-expr","locations":[{"start":{"line":127,"column":17},"end":{"line":127,"column":39}},{"start":{"line":127,"column":43},"end":{"line":127,"column":62}}]}},"s":{"0":0,"1":0,"2":0,"3":0,"4":0,"5":0,"6":0,"7":0,"8":0,"9":0,"10":0,"11":0,"12":0,"13":0,"14":0,"15":0,"16":0,"17":0,"18":0,"19":0,"20":0,"21":0,"22":0,"23":0,"24":0,"25":0,"26":0,"27":0,"28":0,"29":0,"30":0,"31":0,"32":0,"33":0,"34":0,"35":0,"36":0,"37":0,"38":0,"39":0,"40":0,"41":0,"42":0,"43":0,"44":0,"45":0,"46":0,"47":0,"48":0,"49":0,"50":0,"51":0,"52":0,"53":0,"54":0,"55":0,"56":0,"57":0,"58":0,"59":0,"60":0,"61":0,"62":0,"63":0,"64":0,"65":0,"66":0,"67":0,"68":0,"69":0,"70":0,"71":0,"72":0,"73":0,"74":0,"75":0,"76":0},"f":{"0":0,"1":0,"2":0,"3":0,"4":0,"5":0,"6":0,"7":0,"8":0,"9":0},"b":{"0":[0],"1":[0],"2":[0],"3":[0,0],"4":[0,0],"5":[0,0],"6":[0,0],"7":[0,0],"8":[0],"9":[0],"10":[0],"11":[0],"12":[0,0],"13":[0,0],"14":[0,0],"15":[0,0]}}
,"D:\\DEVELOPER PROJECTS\\obsidian-pixel.github.io\\src\\components\\ColorPicker\\pickers\\ColorInputs.tsx": {"path":"D:\\DEVELOPER PROJECTS\\obsidian-pixel.github.io\\src\\components\\ColorPicker\\pickers\\ColorInputs.tsx","statementMap":{"0":{"start":{"line":6,"column":0},"end":{"line":6,"column":42}},"1":{"start":{"line":7,"column":0},"end":{"line":7,"column":46}},"2":{"start":{"line":17,"column":13},"end":{"line":131,"column":2}},"3":{"start":{"line":19,"column":28},"end":{"line":23,"column":null}},"4":{"start":{"line":21,"column":8},"end":{"line":21,"column":36}},"5":{"start":{"line":26,"column":28},"end":{"line":31,"column":null}},"6":{"start":{"line":28,"column":20},"end":{"line":28,"column":40}},"7":{"start":{"line":29,"column":8},"end":{"line":29,"column":82}},"8":{"start":{"line":34,"column":28},"end":{"line":40,"column":null}},"9":{"start":{"line":36,"column":20},"end":{"line":36,"column":40}},"10":{"start":{"line":37,"column":20},"end":{"line":37,"column":47}},"11":{"start":{"line":38,"column":8},"end":{"line":38,"column":82}},"12":{"start":{"line":43,"column":4},"end":{"line":129,"column":6}},"13":{"start":{"line":63,"column":31},"end":{"line":63,"column":67}},"14":{"start":{"line":72,"column":31},"end":{"line":72,"column":67}},"15":{"start":{"line":81,"column":31},"end":{"line":81,"column":67}},"16":{"start":{"line":96,"column":31},"end":{"line":96,"column":67}},"17":{"start":{"line":105,"column":31},"end":{"line":105,"column":67}},"18":{"start":{"line":114,"column":31},"end":{"line":114,"column":67}},"19":{"start":{"line":133,"column":0},"end":{"line":133,"column":40}}},"fnMap":{"0":{"name":"(anonymous_1)","decl":{"start":{"line":18,"column":2},"end":{"line":18,"column":3}},"loc":{"start":{"line":18,"column":55},"end":{"line":130,"column":3}}},"1":{"name":"(anonymous_2)","decl":{"start":{"line":20,"column":6},"end":{"line":20,"column":7}},"loc":{"start":{"line":20,"column":49},"end":{"line":22,"column":7}}},"2":{"name":"(anonymous_3)","decl":{"start":{"line":27,"column":6},"end":{"line":27,"column":7}},"loc":{"start":{"line":27,"column":50},"end":{"line":30,"column":7}}},"3":{"name":"(anonymous_4)","decl":{"start":{"line":35,"column":6},"end":{"line":35,"column":7}},"loc":{"start":{"line":35,"column":50},"end":{"line":39,"column":7}}},"4":{"name":"(anonymous_5)","decl":{"start":{"line":63,"column":24},"end":{"line":63,"column":25}},"loc":{"start":{"line":63,"column":31},"end":{"line":63,"column":67}}},"5":{"name":"(anonymous_6)","decl":{"start":{"line":72,"column":24},"end":{"line":72,"column":25}},"loc":{"start":{"line":72,"column":31},"end":{"line":72,"column":67}}},"6":{"name":"(anonymous_7)","decl":{"start":{"line":81,"column":24},"end":{"line":81,"column":25}},"loc":{"start":{"line":81,"column":31},"end":{"line":81,"column":67}}},"7":{"name":"(anonymous_8)","decl":{"start":{"line":96,"column":24},"end":{"line":96,"column":25}},"loc":{"start":{"line":96,"column":31},"end":{"line":96,"column":67}}},"8":{"name":"(anonymous_9)","decl":{"start":{"line":105,"column":24},"end":{"line":105,"column":25}},"loc":{"start":{"line":105,"column":31},"end":{"line":105,"column":67}}},"9":{"name":"(anonymous_10)","decl":{"start":{"line":114,"column":24},"end":{"line":114,"column":25}},"loc":{"start":{"line":114,"column":31},"end":{"line":114,"column":67}}}},"branchMap":{"0":{"loc":{"start":{"line":28,"column":20},"end":{"line":28,"column":40}},"type":"binary-expr","locations":[{"start":{"line":28,"column":20},"end":{"line":28,"column":35}},{"start":{"line":28,"column":39},"end":{"line":28,"column":40}}]},"1":{"loc":{"start":{"line":36,"column":20},"end":{"line":36,"column":40}},"type":"binary-expr","locations":[{"start":{"line":36,"column":20},"end":{"line":36,"column":35}},{"start":{"line":36,"column":39},"end":{"line":36,"column":40}}]},"2":{"loc":{"start":{"line":37,"column":20},"end":{"line":37,"column":47}},"type":"cond-expr","locations":[{"start":{"line":37,"column":38},"end":{"line":37,"column":41}},{"start":{"line":37,"column":44},"end":{"line":37,"column":47}}]}},"s":{"0":0,"1":0,"2":0,"3":0,"4":0,"5":0,"6":0,"7":0,"8":0,"9":0,"10":0,"11":0,"12":0,"13":0,"14":0,"15":0,"16":0,"17":0,"18":0,"19":0},"f":{"0":0,"1":0,"2":0,"3":0,"4":0,"5":0,"6":0,"7":0,"8":0,"9":0},"b":{"0":[0,0],"1":[0,0],"2":[0,0]}}
,"D:\\DEVELOPER PROJECTS\\obsidian-pixel.github.io\\src\\components\\ColorPicker\\pickers\\LightnessSlider.tsx": {"path":"D:\\DEVELOPER PROJECTS\\obsidian-pixel.github.io\\src\\components\\ColorPicker\\pickers\\LightnessSlider.tsx","statementMap":{"0":{"start":{"line":7,"column":0},"end":{"line":7,"column":65}},"1":{"start":{"line":8,"column":0},"end":{"line":8,"column":50}},"2":{"start":{"line":17,"column":63},"end":{"line":213,"column":1}},"3":{"start":{"line":23,"column":20},"end":{"line":23,"column":48}},"4":{"start":{"line":24,"column":22},"end":{"line":24,"column":53}},"5":{"start":{"line":25,"column":38},"end":{"line":25,"column":53}},"6":{"start":{"line":28,"column":2},"end":{"line":98,"column":24}},"7":{"start":{"line":29,"column":19},"end":{"line":29,"column":38}},"8":{"start":{"line":30,"column":4},"end":{"line":30,"column":24}},"9":{"start":{"line":30,"column":17},"end":{"line":30,"column":24}},"10":{"start":{"line":32,"column":16},"end":{"line":32,"column":39}},"11":{"start":{"line":33,"column":4},"end":{"line":33,"column":21}},"12":{"start":{"line":33,"column":14},"end":{"line":33,"column":21}},"13":{"start":{"line":36,"column":20},"end":{"line":36,"column":68}},"14":{"start":{"line":37,"column":27},"end":{"line":37,"column":96}},"15":{"start":{"line":39,"column":18},"end":{"line":39,"column":30}},"16":{"start":{"line":40,"column":19},"end":{"line":40,"column":32}},"17":{"start":{"line":43,"column":4},"end":{"line":97,"column":5}},"18":{"start":{"line":43,"column":17},"end":{"line":43,"column":18}},"19":{"start":{"line":44,"column":16},"end":{"line":44,"column":33}},"20":{"start":{"line":47,"column":16},"end":{"line":47,"column":29}},"21":{"start":{"line":48,"column":16},"end":{"line":48,"column":36}},"22":{"start":{"line":49,"column":20},"end":{"line":49,"column":27}},"23":{"start":{"line":51,"column":16},"end":{"line":51,"column":33}},"24":{"start":{"line":52,"column":16},"end":{"line":52,"column":25}},"25":{"start":{"line":53,"column":16},"end":{"line":53,"column":31}},"26":{"start":{"line":54,"column":16},"end":{"line":54,"column":35}},"27":{"start":{"line":55,"column":16},"end":{"line":55,"column":41}},"28":{"start":{"line":58,"column":6},"end":{"line":93,"column":7}},"29":{"start":{"line":60,"column":10},"end":{"line":60,"column":20}},"30":{"start":{"line":61,"column":10},"end":{"line":61,"column":16}},"31":{"start":{"line":62,"column":10},"end":{"line":62,"column":16}},"32":{"start":{"line":63,"column":10},"end":{"line":63,"column":16}},"33":{"start":{"line":65,"column":10},"end":{"line":65,"column":16}},"34":{"start":{"line":66,"column":10},"end":{"line":66,"column":20}},"35":{"start":{"line":67,"column":10},"end":{"line":67,"column":16}},"36":{"start":{"line":68,"column":10},"end":{"line":68,"column":16}},"37":{"start":{"line":70,"column":10},"end":{"line":70,"column":16}},"38":{"start":{"line":71,"column":10},"end":{"line":71,"column":20}},"39":{"start":{"line":72,"column":10},"end":{"line":72,"column":16}},"40":{"start":{"line":73,"column":10},"end":{"line":73,"column":16}},"41":{"start":{"line":75,"column":10},"end":{"line":75,"column":16}},"42":{"start":{"line":76,"column":10},"end":{"line":76,"column":16}},"43":{"start":{"line":77,"column":10},"end":{"line":77,"column":20}},"44":{"start":{"line":78,"column":10},"end":{"line":78,"column":16}},"45":{"start":{"line":80,"column":10},"end":{"line":80,"column":16}},"46":{"start":{"line":81,"column":10},"end":{"line":81,"column":16}},"47":{"start":{"line":82,"column":10},"end":{"line":82,"column":20}},"48":{"start":{"line":83,"column":10},"end":{"line":83,"column":16}},"49":{"start":{"line":85,"column":10},"end":{"line":85,"column":20}},"50":{"start":{"line":86,"column":10},"end":{"line":86,"column":16}},"51":{"start":{"line":87,"column":10},"end":{"line":87,"column":16}},"52":{"start":{"line":88,"column":10},"end":{"line":88,"column":16}},"53":{"start":{"line":90,"column":10},"end":{"line":90,"column":16}},"54":{"start":{"line":91,"column":10},"end":{"line":91,"column":16}},"55":{"start":{"line":92,"column":10},"end":{"line":92,"column":16}},"56":{"start":{"line":95,"column":6},"end":{"line":95,"column":100}},"57":{"start":{"line":96,"column":6},"end":{"line":96,"column":36}},"58":{"start":{"line":100,"column":32},"end":{"line":111,"column":null}},"59":{"start":{"line":102,"column":21},"end":{"line":102,"column":38}},"60":{"start":{"line":103,"column":6},"end":{"line":103,"column":26}},"61":{"start":{"line":103,"column":19},"end":{"line":103,"column":26}},"62":{"start":{"line":105,"column":19},"end":{"line":105,"column":49}},"63":{"start":{"line":106,"column":16},"end":{"line":106,"column":70}},"64":{"start":{"line":107,"column":27},"end":{"line":107,"column":49}},"65":{"start":{"line":109,"column":6},"end":{"line":109,"column":69}},"66":{"start":{"line":114,"column":26},"end":{"line":119,"column":null}},"67":{"start":{"line":116,"column":6},"end":{"line":116,"column":26}},"68":{"start":{"line":117,"column":6},"end":{"line":117,"column":39}},"69":{"start":{"line":122,"column":26},"end":{"line":128,"column":null}},"70":{"start":{"line":124,"column":6},"end":{"line":126,"column":7}},"71":{"start":{"line":125,"column":8},"end":{"line":125,"column":41}},"72":{"start":{"line":131,"column":24},"end":{"line":133,"column":8}},"73":{"start":{"line":132,"column":4},"end":{"line":132,"column":25}},"74":{"start":{"line":135,"column":27},"end":{"line":144,"column":null}},"75":{"start":{"line":137,"column":6},"end":{"line":137,"column":25}},"76":{"start":{"line":138,"column":6},"end":{"line":138,"column":26}},"77":{"start":{"line":139,"column":20},"end":{"line":139,"column":32}},"78":{"start":{"line":140,"column":6},"end":{"line":142,"column":7}},"79":{"start":{"line":141,"column":8},"end":{"line":141,"column":45}},"80":{"start":{"line":147,"column":26},"end":{"line":155,"column":null}},"81":{"start":{"line":149,"column":6},"end":{"line":149,"column":25}},"82":{"start":{"line":150,"column":20},"end":{"line":150,"column":32}},"83":{"start":{"line":151,"column":6},"end":{"line":153,"column":7}},"84":{"start":{"line":152,"column":8},"end":{"line":152,"column":45}},"85":{"start":{"line":158,"column":25},"end":{"line":161,"column":8}},"86":{"start":{"line":159,"column":4},"end":{"line":159,"column":23}},"87":{"start":{"line":160,"column":4},"end":{"line":160,"column":25}},"88":{"start":{"line":163,"column":24},"end":{"line":178,"column":null}},"89":{"start":{"line":165,"column":18},"end":{"line":165,"column":19}},"90":{"start":{"line":166,"column":6},"end":{"line":172,"column":7}},"91":{"start":{"line":167,"column":8},"end":{"line":167,"column":19}},"92":{"start":{"line":168,"column":13},"end":{"line":172,"column":7}},"93":{"start":{"line":169,"column":8},"end":{"line":169,"column":18}},"94":{"start":{"line":171,"column":8},"end":{"line":171,"column":15}},"95":{"start":{"line":174,"column":6},"end":{"line":174,"column":25}},"96":{"start":{"line":175,"c
[...]
umn":20},"end":{"line":78,"column":67}},"38":{"start":{"line":79,"column":4},"end":{"line":83,"column":5}},"39":{"start":{"line":80,"column":6},"end":{"line":80,"column":49}},"40":{"start":{"line":81,"column":6},"end":{"line":81,"column":49}},"41":{"start":{"line":82,"column":6},"end":{"line":82,"column":43}},"42":{"start":{"line":84,"column":4},"end":{"line":84,"column":44}},"43":{"start":{"line":87,"column":4},"end":{"line":98,"column":5}},"44":{"start":{"line":88,"column":22},"end":{"line":88,"column":92}},"45":{"start":{"line":90,"column":6},"end":{"line":95,"column":7}},"46":{"start":{"line":91,"column":8},"end":{"line":91,"column":53}},"47":{"start":{"line":92,"column":8},"end":{"line":92,"column":62}},"48":{"start":{"line":93,"column":8},"end":{"line":93,"column":51}},"49":{"start":{"line":94,"column":8},"end":{"line":94,"column":45}},"50":{"start":{"line":97,"column":6},"end":{"line":97,"column":53}},"51":{"start":{"line":101,"column":2},"end":{"line":101,"column":14}},"52":{"start":{"line":18,"column":13},"end":{"line":18,"column":39}}},"fnMap":{"0":{"name":"(anonymous_9)","decl":{"start":{"line":18,"column":39},"end":{"line":18,"column":40}},"loc":{"start":{"line":26,"column":5},"end":{"line":102,"column":1}}},"1":{"name":"(anonymous_10)","decl":{"start":{"line":31,"column":12},"end":{"line":31,"column":15}},"loc":{"start":{"line":31,"column":17},"end":{"line":99,"column":3}}},"2":{"name":"(anonymous_11)","decl":{"start":{"line":36,"column":23},"end":{"line":36,"column":24}},"loc":{"start":{"line":36,"column":75},"end":{"line":47,"column":5}}}},"branchMap":{"0":{"loc":{"start":{"line":21,"column":2},"end":{"line":21,"column":15}},"type":"default-arg","locations":[{"start":{"line":21,"column":13},"end":{"line":21,"column":15}}]},"1":{"loc":{"start":{"line":23,"column":2},"end":{"line":23,"column":18}},"type":"default-arg","locations":[{"start":{"line":23,"column":9},"end":{"line":23,"column":18}}]},"2":{"loc":{"start":{"line":24,"column":2},"end":{"line":24,"column":57}},"type":"default-arg","locations":[{"start":{"line":24,"column":10},"end":{"line":24,"column":57}}]},"3":{"loc":{"start":{"line":29,"column":20},"end":{"line":29,"column":82}},"type":"cond-expr","locations":[{"start":{"line":29,"column":48},"end":{"line":29,"column":53}},{"start":{"line":29,"column":56},"end":{"line":29,"column":82}}]},"4":{"loc":{"start":{"line":36,"column":55},"end":{"line":36,"column":71}},"type":"default-arg","locations":[{"start":{"line":36,"column":66},"end":{"line":36,"column":71}}]},"5":{"loc":{"start":{"line":37,"column":24},"end":{"line":37,"column":54}},"type":"cond-expr","locations":[{"start":{"line":37,"column":35},"end":{"line":37,"column":45}},{"start":{"line":37,"column":48},"end":{"line":37,"column":54}}]},"6":{"loc":{"start":{"line":40,"column":6},"end":{"line":44,"column":7}},"type":"if","locations":[{"start":{"line":40,"column":6},"end":{"line":44,"column":7}}]},"7":{"loc":{"start":{"line":51,"column":4},"end":{"line":53,"column":5}},"type":"if","locations":[{"start":{"line":51,"column":4},"end":{"line":53,"column":5}}]},"8":{"loc":{"start":{"line":79,"column":4},"end":{"line":83,"column":5}},"type":"if","locations":[{"start":{"line":79,"column":4},"end":{"line":83,"column":5}}]},"9":{"loc":{"start":{"line":87,"column":4},"end":{"line":98,"column":5}},"type":"if","locations":[{"start":{"line":87,"column":4},"end":{"line":98,"column":5}}]},"10":{"loc":{"start":{"line":90,"column":6},"end":{"line":95,"column":7}},"type":"if","locations":[{"start":{"line":90,"column":6},"end":{"line":95,"column":7}}]}},"s":{"0":0,"1":0,"2":0,"3":0,"4":0,"5":0,"6":0,"7":0,"8":0,"9":0,"10":0,"11":0,"12":0,"13":0,"14":0,"15":0,"16":0,"17":0,"18":0,"19":0,"20":0,"21":0,"22":0,"23":0,"24":0,"25":0,"26":0,"27":0,"28":0,"29":0,"30":0,"31":0,"32":0,"33":0,"34":0,"35":0,"36":0,"37":0,"38":0,"39":0,"40":0,"41":0,"42":0,"43":0,"44":0,"45":0,"46":0,"47":0,"48":0,"49":0,"50":0,"51":0,"52":0},"f":{"0":0,"1":0,"2":0},"b":{"0":[0],"1":[0],"2":[0],"3":[0,0],"4":[0],"5":[0,0],"6":[0],"7":[0],"8":[0],"9":[0],"10":[0]}}
,"D:\\DEVELOPER PROJECTS\\obsidian-pixel.github.io\\src\\components\\SEO\\faq.schema.ts": {"path":"D:\\DEVELOPER PROJECTS\\obsidian-pixel.github.io\\src\\components\\SEO\\faq.schema.ts","statementMap":{"0":{"start":{"line":14,"column":31},"end":{"line":25,"column":2}},"1":{"start":{"line":14,"column":53},"end":{"line":25,"column":2}},"2":{"start":{"line":17,"column":33},"end":{"line":24,"column":4}},"3":{"start":{"line":14,"column":13},"end":{"line":14,"column":31}},"4":{"start":{"line":30,"column":13},"end":{"line":63,"column":2}},"5":{"start":{"line":68,"column":33},"end":{"line":83,"column":2}},"6":{"start":{"line":72,"column":6},"end":{"line":83,"column":2}},"7":{"start":{"line":77,"column":36},"end":{"line":82,"column":4}},"8":{"start":{"line":68,"column":13},"end":{"line":68,"column":33}}},"fnMap":{"0":{"name":"(anonymous_0)","decl":{"start":{"line":14,"column":31},"end":{"line":14,"column":32}},"loc":{"start":{"line":14,"column":53},"end":{"line":25,"column":2}}},"1":{"name":"(anonymous_1)","decl":{"start":{"line":17,"column":23},"end":{"line":17,"column":24}},"loc":{"start":{"line":17,"column":33},"end":{"line":24,"column":4}}},"2":{"name":"(anonymous_2)","decl":{"start":{"line":68,"column":33},"end":{"line":68,"column":null}},"loc":{"start":{"line":72,"column":6},"end":{"line":83,"column":2}}},"3":{"name":"(anonymous_3)","decl":{"start":{"line":77,"column":18},"end":{"line":77,"column":19}},"loc":{"start":{"line":77,"column":36},"end":{"line":82,"column":4}}}},"branchMap":{},"s":{"0":0,"1":0,"2":0,"3":0,"4":0,"5":0,"6":0,"7":0,"8":0},"f":{"0":0,"1":0,"2":0,"3":0},"b":{}}
,"D:\\DEVELOPER PROJECTS\\obsidian-pixel.github.io\\src\\components\\SEO\\schemas.ts": {"path":"D:\\DEVELOPER PROJECTS\\obsidian-pixel.github.io\\src\\components\\SEO\\schemas.ts","statementMap":{"0":{"start":{"line":6,"column":16},"end":{"line":6,"column":50}},"1":{"start":{"line":11,"column":13},"end":{"line":25,"column":2}},"2":{"start":{"line":30,"column":13},"end":{"line":40,"column":2}},"3":{"start":{"line":45,"column":13},"end":{"line":67,"column":2}},"4":{"start":{"line":72,"column":38},"end":{"line":81,"column":2}},"5":{"start":{"line":72,"column":88},"end":{"line":81,"column":2}},"6":{"start":{"line":75,"column":47},"end":{"line":80,"column":4}},"7":{"start":{"line":72,"column":13},"end":{"line":72,"column":38}},"8":{"start":{"line":86,"column":36},"end":{"line":97,"column":2}},"9":{"start":{"line":86,"column":93},"end":{"line":97,"column":2}},"10":{"start":{"line":92,"column":47},"end":{"line":96,"column":4}},"11":{"start":{"line":86,"column":13},"end":{"line":86,"column":36}},"12":{"start":{"line":102,"column":30},"end":{"line":105,"column":2}},"13":{"start":{"line":102,"column":75},"end":{"line":105,"column":2}},"14":{"start":{"line":102,"column":13},"end":{"line":102,"column":30}},"15":{"start":{"line":110,"column":47},"end":{"line":134,"column":2}},"16":{"start":{"line":120,"column":7},"end":{"line":134,"column":2}},"17":{"start":{"line":110,"column":13},"end":{"line":110,"column":47}}},"fnMap":{"0":{"name":"(anonymous_0)","decl":{"start":{"line":72,"column":38},"end":{"line":72,"column":39}},"loc":{"start":{"line":72,"column":88},"end":{"line":81,"column":2}}},"1":{"name":"(anonymous_1)","decl":{"start":{"line":75,"column":29},"end":{"line":75,"column":30}},"loc":{"start":{"line":75,"column":47},"end":{"line":80,"column":4}}},"2":{"name":"(anonymous_2)","decl":{"start":{"line":86,"column":36},"end":{"line":86,"column":37}},"loc":{"start":{"line":86,"column":93},"end":{"line":97,"column":2}}},"3":{"name":"(anonymous_3)","decl":{"start":{"line":92,"column":29},"end":{"line":92,"column":30}},"loc":{"start":{"line":92,"column":47},"end":{"line":96,"column":4}}},"4":{"name":"(anonymous_4)","decl":{"start":{"line":102,"column":30},"end":{"line":102,"column":31}},"loc":{"start":{"line":102,"column":75},"end":{"line":105,"column":2}}},"5":{"name":"(anonymous_5)","decl":{"start":{"line":110,"column":47},"end":{"line":110,"column":48}},"loc":{"start":{"line":120,"column":7},"end":{"line":134,"column":2}}}},"branchMap":{},"s":{"0":1,"1":1,"2":1,"3":1,"4":1,"5":0,"6":0,"7":1,"8":1,"9":0,"10":0,"11":1,"12":1,"13":0,"14":1,"15":1,"16":18,"17":1},"f":{"0":0,"1":0,"2":0,"3":0,"4":0,"5":18},"b":{}}
,"D:\\DEVELOPER PROJECTS\\obsidian-pixel.github.io\\src\\components\\ScrollButton\\Scroll-Button.tsx": {"path":"D:\\DEVELOPER PROJECTS\\obsidian-pixel.github.io\\src\\components\\ScrollButton\\Scroll-Button.tsx","statementMap":{"0":{"start":{"line":2,"column":0},"end":{"line":2,"column":31}},"1":{"start":{"line":3,"column":51},"end":{"line":3,"column":56}},"2":{"start":{"line":4,"column":0},"end":{"line":4,"column":48}},"3":{"start":{"line":6,"column":13},"end":{"line":58,"column":3}},"4":{"start":{"line":7,"column":32},"end":{"line":7,"column":47}},"5":{"start":{"line":9,"column":2},"end":{"line":24,"column":9}},"6":{"start":{"line":10,"column":21},"end":{"line":16,"column":5}},"7":{"start":{"line":11,"column":17},"end":{"line":11,"column":70}},"8":{"start":{"line":12,"column":18},"end":{"line":12,"column":30}},"9":{"start":{"line":13,"column":24},"end":{"line":13,"column":70}},"10":{"start":{"line":14,"column":28},"end":{"line":14,"column":63}},"11":{"start":{"line":15,"column":6},"end":{"line":15,"column":39}},"12":{"start":{"line":17,"column":4},"end":{"line":17,"column":15}},"13":{"start":{"line":18,"column":4},"end":{"line":18,"column":67}},"14":{"start":{"line":19,"column":4},"end":{"line":19,"column":48}},"15":{"start":{"line":20,"column":4},"end":{"line":23,"column":6}},"16":{"start":{"line":21,"column":6},"end":{"line":21,"column":53}},"17":{"start":{"line":22,"column":6},"end":{"line":22,"column":53}},"18":{"start":{"line":26,"column":25},"end":{"line":33,"column":8}},"19":{"start":{"line":27,"column":15},"end":{"line":27,"column":68}},"20":{"start":{"line":28,"column":4},"end":{"line":32,"column":5}},"21":{"start":{"line":29,"column":6},"end":{"line":29,"column":55}},"22":{"start":{"line":31,"column":6},"end":{"line":31,"column":28}},"23":{"start":{"line":35,"column":18},"end":{"line":45,"column":22}},"24":{"start":{"line":36,"column":15},"end":{"line":36,"column":68}},"25":{"start":{"line":37,"column":16},"end":{"line":37,"column":28}},"26":{"start":{"line":38,"column":22},"end":{"line":38,"column":68}},"27":{"start":{"line":39,"column":26},"end":{"line":39,"column":61}},"28":{"start":{"line":40,"column":4},"end":{"line":44,"column":5}},"29":{"start":{"line":41,"column":6},"end":{"line":41,"column":24}},"30":{"start":{"line":43,"column":6},"end":{"line":43,"column":32}},"31":{"start":{"line":47,"column":2},"end":{"line":57,"column":4}},"32":{"start":{"line":60,"column":0},"end":{"line":60,"column":42}},"33":{"start":{"line":62,"column":0},"end":{"line":62,"column":28}}},"fnMap":{"0":{"name":"ScrollButtonComponent","decl":{"start":{"line":6,"column":52},"end":{"line":6,"column":73}},"loc":{"start":{"line":6,"column":73},"end":{"line":58,"column":1}}},"1":{"name":"(anonymous_11)","decl":{"start":{"line":9,"column":12},"end":{"line":9,"column":15}},"loc":{"start":{"line":9,"column":17},"end":{"line":24,"column":3}}},"2":{"name":"(anonymous_12)","decl":{"start":{"line":10,"column":21},"end":{"line":10,"column":24}},"loc":{"start":{"line":10,"column":26},"end":{"line":16,"column":5}}},"3":{"name":"(anonymous_13)","decl":{"start":{"line":20,"column":11},"end":{"line":20,"column":14}},"loc":{"start":{"line":20,"column":16},"end":{"line":23,"column":5}}},"4":{"name":"(anonymous_14)","decl":{"start":{"line":26,"column":37},"end":{"line":26,"column":38}},"loc":{"start":{"line":26,"column":56},"end":{"line":33,"column":3}}},"5":{"name":"(anonymous_15)","decl":{"start":{"line":35,"column":30},"end":{"line":35,"column":33}},"loc":{"start":{"line":35,"column":35},"end":{"line":45,"column":3}}}},"branchMap":{"0":{"loc":{"start":{"line":11,"column":17},"end":{"line":11,"column":70}},"type":"binary-expr","locations":[{"start":{"line":11,"column":17},"end":{"line":11,"column":42}},{"start":{"line":11,"column":46},"end":{"line":11,"column":70}}]},"1":{"loc":{"start":{"line":14,"column":28},"end":{"line":14,"column":63}},"type":"cond-expr","locations":[{"start":{"line":14,"column":44},"end":{"line":14,"column":59}},{"start":{"line":14,"column":62},"end":{"line":14,"column":63}}]},"2":{"loc":{"start":{"line":27,"column":15},"end":{"line":27,"column":68}},"type":"binary-expr","locations":[{"start":{"line":27,"column":15},"end":{"line":27,"column":40}},{"start":{"line":27,"column":44},"end":{"line":27,"column":68}}]},"3":{"loc":{"start":{"line":28,"column":4},"end":{"line":32,"column":5}},"type":"if","locations":[{"start":{"line":28,"column":4},"end":{"line":32,"column":5}},{"start":{"line":30,"column":11},"end":{"line":32,"column":5}}]},"4":{"loc":{"start":{"line":36,"column":15},"end":{"line":36,"column":68}},"type":"binary-expr","locations":[{"start":{"line":36,"column":15},"end":{"line":36,"column":40}},{"start":{"line":36,"column":44},"end":{"line":36,"column":68}}]},"5":{"loc":{"start":{"line":39,"column":26},"end":{"line":39,"column":61}},"type":"cond-expr","locations":[{"start":{"line":39,"column":42},"end":{"line":39,"column":57}},{"start":{"line":39,"column":60},"end":{"line":39,"column":61}}]},"6":{"loc":{"start":{"line":40,"column":4},"end":{"line":44,"column":5}},"type":"if","locations":[{"start":{"line":40,"column":4},"end":{"line":44,"column":5}},{"start":{"line":42,"column":11},"end":{"line":44,"column":5}}]},"7":{"loc":{"start":{"line":51,"column":36},"end":{"line":51,"column":65}},"type":"cond-expr","locations":[{"start":{"line":51,"column":46},"end":{"line":51,"column":60}},{"start":{"line":51,"column":63},"end":{"line":51,"column":65}}]},"8":{"loc":{"start":{"line":52,"column":20},"end":{"line":52,"column":57}},"type":"cond-expr","locations":[{"start":{"line":52,"column":30},"end":{"line":52,"column":41}},{"start":{"line":52,"column":44},"end":{"line":52,"column":57}}]}},"s":{"0":1,"1":1,"2":1,"3":1,"4":4,"5":4,"6":3,"7":3,"8":3,"9":3,"10":3,"11":3,"12":3,"13":3,"14":3,"15":3,"16":3,"17":3,"18":4,"19":3,"20":3,"21":1,"22":2,"23":4,"24":3,"25":3,"26":3,"27":3,"28":3,"29":1,"30":2,"31":4,"32":1,"33":1},"f":{"0":4,"1":3,"2":3,"3":3,"4":3,"5":3},"b":{"0":[3,3],"1":[3,0],"2":[3,3],"3":[1,2],"4":[3,3],"5":[3,0],"6":[1,2],"7":[1,3],"8":[1,3]}}
,"D:\\DEVELOPER PROJECTS\\obsidian-pixel.github.io\\src\\components\\SearchBar\\Search-Bar.tsx": {"path":"D:\\DEVELOPER PROJECTS\\obsidian-pixel.github.io\\src\\components\\SearchBar\\Search-Bar.tsx","statementMap":{"0":{"start":{"line":2,"column":0},"end":{"line":2,"column":31}},"1":{"start":{"line":3,"column":40},"end":{"line":3,"column":45}},"2":{"start":{"line":4,"column":0},"end":{"line":4,"column":45}},"3":{"start":{"line":10,"column":13},"end":{"line":40,"column":3}},"4":{"start":{"line":11,"column":23},"end":{"line":11,"column":28}},"5":{"start":{"line":12,"column":28},"end":{"line":12,"column":40}},"6":{"start":{"line":14,"column":23},"end":{"line":18,"column":16}},"7":{"start":{"line":15,"column":14},"end":{"line":15,"column":49}},"8":{"start":{"line":16,"column":4},"end":{"line":16,"column":16}},"9":{"start":{"line":17,"column":4},"end":{"line":17,"column":16}},"10":{"start":{"line":20,"column":23},"end":{"line":20,"column":76}},"11":{"start":{"line":20,"column":41},"end":{"line":20,"column":56}},"12":{"start":{"line":22,"column":18},"end":{"line":24,"column":20}},"13":{"start":{"line":23,"column":4},"end":{"line":23,"column":42}},"14":{"start":{"line":23,"column":27},"end":{"line":23,"column":42}},"15":{"start":{"line":26,"column":2},"end":{"line":39,"column":4}},"16":{"start":{"line":42,"column":0},"end":{"line":42,"column":36}},"17":{"start":{"line":44,"column":0},"end":{"line":44,"column":25}}},"fnMap":{"0":{"name":"SearchBarComponent","decl":{"start":{"line":10,"column":56},"end":{"line":10,"column":74}},"loc":{"start":{"line":10,"column":87},"end":{"line":40,"column":1}}},"1":{"name":"(anonymous_11)","decl":{"start":{"line":14,"column":35},"end":{"line":14,"column":36}},"loc":{"start":{"line":14,"column":78},"end":{"line":18,"column":3}}},"2":{"name":"(anonymous_12)","decl":{"start":{"line":20,"column":35},"end":{"line":20,"column":38}},"loc":{"start":{"line":20,"column":41},"end":{"line":20,"column":56}}},"3":{"name":"(anonymous_13)","decl":{"start":{"line":22,"column":30},"end":{"line":22,"column":31}},"loc":{"start":{"line":22,"column":75},"end":{"line":24,"column":3}}}},"branchMap":{"0":{"loc":{"start":{"line":23,"column":4},"end":{"line":23,"column":42}},"type":"if","locations":[{"start":{"line":23,"column":4},"end":{"line":23,"column":42}}]}},"s":{"0":1,"1":1,"2":1,"3":1,"4":3,"5":3,"6":3,"7":1,"8":1,"9":1,"10":3,"11":2,"12":3,"13":1,"14":1,"15":3,"16":1,"17":1},"f":{"0":3,"1":1,"2":2,"3":1},"b":{"0":[1]}}
,"D:\\DEVELOPER PROJECTS\\obsidian-pixel.github.io\\src\\components\\Sidebar\\Sidebar.tsx": {"path":"D:\\DEVELOPER PROJECTS\\obsidian-pixel.github.io\\src\\components\\Sidebar\\Sidebar.tsx","statementMap":{"0":{"start":{"line":2,"column":0},"end":{"line":2,"column":31}},"1":{"start":{"line":3,"column":40},"end":{"line":3,"column":45}},"2":{"start":{"line":4,"column":0},"end":{"line":4,"column":42}},"3":{"start":{"line":6,"column":35},"end":{"line":63,"column":2}},"4":{"start":{"line":7,"column":26},"end":{"line":7,"column":41}},"5":{"start":{"line":8,"column":19},"end":{"line":8,"column":23}},"6":{"start":{"line":10,"column":21},"end":{"line":12,"column":8}},"7":{"start":{"line":11,"column":4},"end":{"line":11,"column":38}},"8":{"start":{"line":11,"column":31},"end":{"line":11,"column":36}},"9":{"start":{"line":13,"column":18},"end":{"line":13,"column":44}},"10":{"start":{"line":14,"column":18},"end":{"line":14,"column":44}},"11":{"start":{"line":16,"column":2},"end":{"line":62,"column":4}},"12":{"start":{"line":65,"column":16},"end":{"line":65,"column":38}},"13":{"start":{"line":66,"column":0},"end":{"line":66,"column":23}}},"fnMap":{"0":{"name":"SidebarComponent","decl":{"start":{"line":6,"column":49},"end":{"line":6,"column":65}},"loc":{"start":{"line":6,"column":65},"end":{"line":63,"column":1}}},"1":{"name":"(anonymous_11)","decl":{"start":{"line":10,"column":33},"end":{"line":10,"column":36}},"loc":{"start":{"line":10,"column":38},"end":{"line":12,"column":3}}},"2":{"name":"(anonymous_12)","decl":{"start":{"line":11,"column":12},"end":{"line":11,"column":13}},"loc":{"start":{"line":11,"column":31},"end":{"line":11,"column":36}}},"3":{"name":"(anonymous_13)","decl":{"start":{"line":13,"column":30},"end":{"line":13,"column":33}},"loc":{"start":{"line":13,"column":35},"end":{"line":13,"column":39}}},"4":{"name":"(anonymous_14)","decl":{"start":{"line":14,"column":30},"end":{"line":14,"column":33}},"loc":{"start":{"line":14,"column":35},"end":{"line":14,"column":39}}}},"branchMap":{"0":{"loc":{"start":{"line":19,"column":38},"end":{"line":19,"column":69}},"type":"cond-expr","locations":[{"start":{"line":19,"column":49},"end":{"line":19,"column":64}},{"start":{"line":19,"column":67},"end":{"line":19,"column":69}}]},"1":{"loc":{"start":{"line":23,"column":21},"end":{"line":23,"column":50}},"type":"cond-expr","locations":[{"start":{"line":23,"column":32},"end":{"line":23,"column":38}},{"start":{"line":23,"column":41},"end":{"line":23,"column":50}}]},"2":{"loc":{"start":{"line":32,"column":17},"end":{"line":32,"column":50}},"type":"cond-expr","locations":[{"start":{"line":32,"column":24},"end":{"line":32,"column":36}},{"start":{"line":32,"column":39},"end":{"line":32,"column":50}}]},"3":{"loc":{"start":{"line":34,"column":11},"end":{"line":34,"column":27}},"type":"cond-expr","locations":[{"start":{"line":34,"column":18},"end":{"line":34,"column":21}},{"start":{"line":34,"column":24},"end":{"line":34,"column":27}}]}},"s":{"0":1,"1":1,"2":1,"3":1,"4":3,"5":3,"6":3,"7":1,"8":1,"9":3,"10":3,"11":3,"12":1,"13":1},"f":{"0":3,"1":1,"2":1,"3":1,"4":1},"b":{"0":[1,2],"1":[1,2],"2":[1,2],"3":[1,2]}}
}
