{"D:\\DEVELOPER PROJECTS\\obsidian-pixel.github.io-main\\obsidian-pixel.github.io-main\\src\\components\\Card\\Card.tsx": {"path":"D:\\DEVELOPER PROJECTS\\obsidian-pixel.github.io-main\\obsidian-pixel.github.io-main\\src\\components\\Card\\Card.tsx","statementMap":{"0":{"start":{"line":2,"column":0},"end":{"line":2,"column":31}},"1":{"start":{"line":3,"column":0},"end":{"line":3,"column":39}},"2":{"start":{"line":14,"column":27},"end":{"line":14,"column":32}},"3":{"start":{"line":15,"column":13},"end":{"line":50,"column":3}},"4":{"start":{"line":16,"column":69},"end":{"line":16,"column":74}},"5":{"start":{"line":17,"column":34},"end":{"line":17,"column":58}},"6":{"start":{"line":18,"column":19},"end":{"line":18,"column":106}},"7":{"start":{"line":18,"column":39},"end":{"line":18,"column":96}},"8":{"start":{"line":19,"column":23},"end":{"line":19,"column":51}},"9":{"start":{"line":19,"column":29},"end":{"line":19,"column":51}},"10":{"start":{"line":19,"column":48},"end":{"line":19,"column":50}},"11":{"start":{"line":20,"column":2},"end":{"line":49,"column":4}},"12":{"start":{"line":52,"column":0},"end":{"line":52,"column":26}}},"fnMap":{"0":{"name":"CardComponent","decl":{"start":{"line":15,"column":55},"end":{"line":15,"column":68}},"loc":{"start":{"line":15,"column":85},"end":{"line":50,"column":1}}},"1":{"name":"(anonymous_11)","decl":{"start":{"line":18,"column":33},"end":{"line":18,"column":36}},"loc":{"start":{"line":18,"column":39},"end":{"line":18,"column":96}}},"2":{"name":"(anonymous_12)","decl":{"start":{"line":19,"column":23},"end":{"line":19,"column":26}},"loc":{"start":{"line":19,"column":29},"end":{"line":19,"column":51}}},"3":{"name":"(anonymous_13)","decl":{"start":{"line":19,"column":41},"end":{"line":19,"column":42}},"loc":{"start":{"line":19,"column":48},"end":{"line":19,"column":50}}}},"branchMap":{"0":{"loc":{"start":{"line":22,"column":7},"end":{"line":22,"column":102}},"type":"cond-expr","locations":[{"start":{"line":22,"column":18},"end":{"line":22,"column":95}},{"start":{"line":22,"column":98},"end":{"line":22,"column":102}}]},"1":{"loc":{"start":{"line":23,"column":44},"end":{"line":23,"column":75}},"type":"cond-expr","locations":[{"start":{"line":23,"column":55},"end":{"line":23,"column":70}},{"start":{"line":23,"column":73},"end":{"line":23,"column":75}}]},"2":{"loc":{"start":{"line":23,"column":85},"end":{"line":23,"column":116}},"type":"cond-expr","locations":[{"start":{"line":23,"column":96},"end":{"line":23,"column":104}},{"start":{"line":23,"column":107},"end":{"line":23,"column":116}}]},"3":{"loc":{"start":{"line":23,"column":130},"end":{"line":23,"column":159}},"type":"cond-expr","locations":[{"start":{"line":23,"column":141},"end":{"line":23,"column":147}},{"start":{"line":23,"column":150},"end":{"line":23,"column":159}}]},"4":{"loc":{"start":{"line":23,"column":178},"end":{"line":23,"column":220}},"type":"cond-expr","locations":[{"start":{"line":23,"column":189},"end":{"line":23,"column":208}},{"start":{"line":23,"column":211},"end":{"line":23,"column":220}}]},"5":{"loc":{"start":{"line":34,"column":73},"end":{"line":34,"column":121}},"type":"cond-expr","locations":[{"start":{"line":34,"column":84},"end":{"line":34,"column":102}},{"start":{"line":34,"column":105},"end":{"line":34,"column":121}}]},"6":{"loc":{"start":{"line":34,"column":138},"end":{"line":34,"column":165}},"type":"cond-expr","locations":[{"start":{"line":34,"column":149},"end":{"line":34,"column":155}},{"start":{"line":34,"column":158},"end":{"line":34,"column":165}}]},"7":{"loc":{"start":{"line":35,"column":13},"end":{"line":35,"column":49}},"type":"cond-expr","locations":[{"start":{"line":35,"column":24},"end":{"line":35,"column":36}},{"start":{"line":35,"column":39},"end":{"line":35,"column":49}}]},"8":{"loc":{"start":{"line":40,"column":11},"end":{"line":40,"column":62}},"type":"cond-expr","locations":[{"start":{"line":40,"column":18},"end":{"line":40,"column":55}},{"start":{"line":40,"column":58},"end":{"line":40,"column":62}}]}},"s":{"0":2,"1":2,"2":2,"3":2,"4":16,"5":16,"6":16,"7":15,"8":16,"9":1,"10":1,"11":16,"12":2},"f":{"0":16,"1":15,"2":1,"3":1},"b":{"0":[1,15],"1":[1,15],"2":[1,15],"3":[1,15],"4":[1,15],"5":[1,15],"6":[1,15],"7":[1,15],"8":[13,3]}}
,"D:\\DEVELOPER PROJECTS\\obsidian-pixel.github.io-main\\obsidian-pixel.github.io-main\\src\\components\\Footer\\Footer.tsx": {"path":"D:\\DEVELOPER PROJECTS\\obsidian-pixel.github.io-main\\obsidian-pixel.github.io-main\\src\\components\\Footer\\Footer.tsx","statementMap":{"0":{"start":{"line":2,"column":0},"end":{"line":2,"column":31}},"1":{"start":{"line":3,"column":0},"end":{"line":3,"column":41}},"2":{"start":{"line":5,"column":17},"end":{"line":5,"column":22}},"3":{"start":{"line":6,"column":13},"end":{"line":18,"column":3}},"4":{"start":{"line":7,"column":2},"end":{"line":17,"column":4}},"5":{"start":{"line":20,"column":0},"end":{"line":20,"column":30}},"6":{"start":{"line":22,"column":0},"end":{"line":22,"column":22}}},"fnMap":{"0":{"name":"FooterComponent","decl":{"start":{"line":6,"column":46},"end":{"line":6,"column":61}},"loc":{"start":{"line":6,"column":61},"end":{"line":18,"column":1}}}},"branchMap":{},"s":{"0":2,"1":2,"2":2,"3":2,"4":3,"5":2,"6":2},"f":{"0":3},"b":{}}
,"D:\\DEVELOPER PROJECTS\\obsidian-pixel.github.io-main\\obsidian-pixel.github.io-main\\src\\components\\Header\\Header.tsx": {"path":"D:\\DEVELOPER PROJECTS\\obsidian-pixel.github.io-main\\obsidian-pixel.github.io-main\\src\\components\\Header\\Header.tsx","statementMap":{"0":{"start":{"line":2,"column":0},"end":{"line":2,"column":31}},"1":{"start":{"line":3,"column":0},"end":{"line":3,"column":41}},"2":{"start":{"line":5,"column":17},"end":{"line":5,"column":22}},"3":{"start":{"line":6,"column":13},"end":{"line":26,"column":3}},"4":{"start":{"line":7,"column":2},"end":{"line":25,"column":4}},"5":{"start":{"line":28,"column":0},"end":{"line":28,"column":30}},"6":{"start":{"line":30,"column":0},"end":{"line":30,"column":22}}},"fnMap":{"0":{"name":"HeaderComponent","decl":{"start":{"line":6,"column":46},"end":{"line":6,"column":61}},"loc":{"start":{"line":6,"column":61},"end":{"line":26,"column":1}}}},"branchMap":{},"s":{"0":2,"1":2,"2":2,"3":2,"4":3,"5":2,"6":2},"f":{"0":3},"b":{}}
,"D:\\DEVELOPER PROJECTS\\obsidian-pixel.github.io-main\\obsidian-pixel.github.io-main\\src\\components\\ScrollButton\\Scroll-Button.tsx": {"path":"D:\\DEVELOPER PROJECTS\\obsidian-pixel.github.io-main\\obsidian-pixel.github.io-main\\src\\components\\ScrollButton\\Scroll-Button.tsx","statementMap":{"0":{"start":{"line":2,"column":0},"end":{"line":2,"column":31}},"1":{"start":{"line":3,"column":51},"end":{"line":3,"column":56}},"2":{"start":{"line":4,"column":0},"end":{"line":4,"column":48}},"3":{"start":{"line":6,"column":13},"end":{"line":58,"column":3}},"4":{"start":{"line":7,"column":32},"end":{"line":7,"column":47}},"5":{"start":{"line":9,"column":2},"end":{"line":24,"column":9}},"6":{"start":{"line":10,"column":21},"end":{"line":16,"column":5}},"7":{"start":{"line":11,"column":17},"end":{"line":11,"column":70}},"8":{"start":{"line":12,"column":18},"end":{"line":12,"column":30}},"9":{"start":{"line":13,"column":24},"end":{"line":13,"column":70}},"10":{"start":{"line":14,"column":28},"end":{"line":14,"column":63}},"11":{"start":{"line":15,"column":6},"end":{"line":15,"column":39}},"12":{"start":{"line":17,"column":4},"end":{"line":17,"column":15}},"13":{"start":{"line":18,"column":4},"end":{"line":18,"column":67}},"14":{"start":{"line":19,"column":4},"end":{"line":19,"column":48}},"15":{"start":{"line":20,"column":4},"end":{"line":23,"column":6}},"16":{"start":{"line":21,"column":6},"end":{"line":21,"column":53}},"17":{"start":{"line":22,"column":6},"end":{"line":22,"column":53}},"18":{"start":{"line":26,"column":25},"end":{"line":33,"column":8}},"19":{"start":{"line":27,"column":15},"end":{"line":27,"column":68}},"20":{"start":{"line":28,"column":4},"end":{"line":32,"column":5}},"21":{"start":{"line":29,"column":6},"end":{"line":29,"column":55}},"22":{"start":{"line":31,"column":6},"end":{"line":31,"column":28}},"23":{"start":{"line":35,"column":18},"end":{"line":45,"column":22}},"24":{"start":{"line":36,"column":15},"end":{"line":36,"column":68}},"25":{"start":{"line":37,"column":16},"end":{"line":37,"column":28}},"26":{"start":{"line":38,"column":22},"end":{"line":38,"column":68}},"27":{"start":{"line":39,"column":26},"end":{"line":39,"column":61}},"28":{"start":{"line":40,"column":4},"end":{"line":44,"column":5}},"29":{"start":{"line":41,"column":6},"end":{"line":41,"column":24}},"30":{"start":{"line":43,"column":6},"end":{"line":43,"column":32}},"31":{"start":{"line":47,"column":2},"end":{"line":57,"column":4}},"32":{"start":{"line":60,"column":0},"end":{"line":60,"column":42}},"33":{"start":{"line":62,"column":0},"end":{"line":62,"column":28}}},"fnMap":{"0":{"name":"ScrollButtonComponent","decl":{"start":{"line":6,"column":52},"end":{"line":6,"column":73}},"loc":{"start":{"line":6,"column":73},"end":{"line":58,"column":1}}},"1":{"name":"(anonymous_11)","decl":{"start":{"line":9,"column":12},"end":{"line":9,"column":15}},"loc":{"start":{"line":9,"column":17},"end":{"line":24,"column":3}}},"2":{"name":"(anonymous_12)","decl":{"start":{"line":10,"column":21},"end":{"line":10,"column":24}},"loc":{"start":{"line":10,"column":26},"end":{"line":16,"column":5}}},"3":{"name":"(anonymous_13)","decl":{"start":{"line":20,"column":11},"end":{"line":20,"column":14}},"loc":{"start":{"line":20,"column":16},"end":{"line":23,"column":5}}},"4":{"name":"(anonymous_14)","decl":{"start":{"line":26,"column":37},"end":{"line":26,"column":38}},"loc":{"start":{"line":26,"column":56},"end":{"line":33,"column":3}}},"5":{"name":"(anonymous_15)","decl":{"start":{"line":35,"column":30},"end":{"line":35,"column":33}},"loc":{"start":{"line":35,"column":35},"end":{"line":45,"column":3}}}},"branchMap":{"0":{"loc":{"start":{"line":11,"column":17},"end":{"line":11,"column":70}},"type":"binary-expr","locations":[{"start":{"line":11,"column":17},"end":{"line":11,"column":42}},{"start":{"line":11,"column":46},"end":{"line":11,"column":70}}]},"1":{"loc":{"start":{"line":14,"column":28},"end":{"line":14,"column":63}},"type":"cond-expr","locations":[{"start":{"line":14,"column":44},"end":{"line":14,"column":59}},{"start":{"line":14,"column":62},"end":{"line":14,"column":63}}]},"2":{"loc":{"start":{"line":27,"column":15},"end":{"line":27,"column":68}},"type":"binary-expr","locations":[{"start":{"line":27,"column":15},"end":{"line":27,"column":40}},{"start":{"line":27,"column":44},"end":{"line":27,"column":68}}]},"3":{"loc":{"start":{"line":28,"column":4},"end":{"line":32,"column":5}},"type":"if","locations":[{"start":{"line":28,"column":4},"end":{"line":32,"column":5}},{"start":{"line":30,"column":11},"end":{"line":32,"column":5}}]},"4":{"loc":{"start":{"line":36,"column":15},"end":{"line":36,"column":68}},"type":"binary-expr","locations":[{"start":{"line":36,"column":15},"end":{"line":36,"column":40}},{"start":{"line":36,"column":44},"end":{"line":36,"column":68}}]},"5":{"loc":{"start":{"line":39,"column":26},"end":{"line":39,"column":61}},"type":"cond-expr","locations":[{"start":{"line":39,"column":42},"end":{"line":39,"column":57}},{"start":{"line":39,"column":60},"end":{"line":39,"column":61}}]},"6":{"loc":{"start":{"line":40,"column":4},"end":{"line":44,"column":5}},"type":"if","locations":[{"start":{"line":40,"column":4},"end":{"line":44,"column":5}},{"start":{"line":42,"column":11},"end":{"line":44,"column":5}}]},"7":{"loc":{"start":{"line":51,"column":36},"end":{"line":51,"column":65}},"type":"cond-expr","locations":[{"start":{"line":51,"column":46},"end":{"line":51,"column":60}},{"start":{"line":51,"column":63},"end":{"line":51,"column":65}}]},"8":{"loc":{"start":{"line":52,"column":20},"end":{"line":52,"column":57}},"type":"cond-expr","locations":[{"start":{"line":52,"column":30},"end":{"line":52,"column":41}},{"start":{"line":52,"column":44},"end":{"line":52,"column":57}}]}},"s":{"0":2,"1":2,"2":2,"3":2,"4":6,"5":6,"6":5,"7":5,"8":5,"9":5,"10":5,"11":5,"12":5,"13":5,"14":5,"15":5,"16":5,"17":5,"18":6,"19":3,"20":3,"21":1,"22":2,"23":6,"24":3,"25":3,"26":3,"27":3,"28":3,"29":1,"30":2,"31":6,"32":2,"33":2},"f":{"0":6,"1":5,"2":5,"3":5,"4":3,"5":3},"b":{"0":[5,5],"1":[3,2],"2":[3,3],"3":[1,2],"4":[3,3],"5":[3,0],"6":[1,2],"7":[1,5],"8":[1,5]}}
,"D:\\DEVELOPER PROJECTS\\obsidian-pixel.github.io-main\\obsidian-pixel.github.io-main\\src\\components\\SearchBar\\Search-Bar.tsx": {"path":"D:\\DEVELOPER PROJECTS\\obsidian-pixel.github.io-main\\obsidian-pixel.github.io-main\\src\\components\\SearchBar\\Search-Bar.tsx","statementMap":{"0":{"start":{"line":2,"column":0},"end":{"line":2,"column":31}},"1":{"start":{"line":3,"column":40},"end":{"line":3,"column":45}},"2":{"start":{"line":4,"column":0},"end":{"line":4,"column":45}},"3":{"start":{"line":10,"column":13},"end":{"line":40,"column":3}},"4":{"start":{"line":11,"column":23},"end":{"line":11,"column":28}},"5":{"start":{"line":12,"column":28},"end":{"line":12,"column":40}},"6":{"start":{"line":14,"column":23},"end":{"line":18,"column":16}},"7":{"start":{"line":15,"column":14},"end":{"line":15,"column":49}},"8":{"start":{"line":16,"column":4},"end":{"line":16,"column":16}},"9":{"start":{"line":17,"column":4},"end":{"line":17,"column":16}},"10":{"start":{"line":20,"column":23},"end":{"line":20,"column":76}},"11":{"start":{"line":20,"column":41},"end":{"line":20,"column":56}},"12":{"start":{"line":22,"column":18},"end":{"line":24,"column":20}},"13":{"start":{"line":23,"column":4},"end":{"line":23,"column":42}},"14":{"start":{"line":23,"column":27},"end":{"line":23,"column":42}},"15":{"start":{"line":26,"column":2},"end":{"line":39,"column":4}},"16":{"start":{"line":42,"column":0},"end":{"line":42,"column":36}},"17":{"start":{"line":44,"column":0},"end":{"line":44,"column":25}}},"fnMap":{"0":{"name":"SearchBarComponent","decl":{"start":{"line":10,"column":56},"end":{"line":10,"column":74}},"loc":{"start":{"line":10,"column":87},"end":{"line":40,"column":1}}},"1":{"name":"(anonymous_11)","decl":{"start":{"line":14,"column":35},"end":{"line":14,"column":36}},"loc":{"start":{"line":14,"column":78},"end":{"line":18,"column":3}}},"2":{"name":"(anonymous_12)","decl":{"start":{"line":20,"column":35},"end":{"line":20,"column":38}},"loc":{"start":{"line":20,"column":41},"end":{"line":20,"column":56}}},"3":{"name":"(anonymous_13)","decl":{"start":{"line":22,"column":30},"end":{"line":22,"column":31}},"loc":{"start":{"line":22,"column":75},"end":{"line":24,"column":3}}}},"branchMap":{"0":{"loc":{"start":{"line":23,"column":4},"end":{"line":23,"column":42}},"type":"if","locations":[{"start":{"line":23,"column":4},"end":{"line":23,"column":42}}]}},"s":{"0":2,"1":2,"2":2,"3":2,"4":6,"5":6,"6":6,"7":2,"8":2,"9":2,"10":6,"11":2,"12":6,"13":1,"14":1,"15":6,"16":2,"17":2},"f":{"0":6,"1":2,"2":2,"3":1},"b":{"0":[1]}}
,"D:\\DEVELOPER PROJECTS\\obsidian-pixel.github.io-main\\obsidian-pixel.github.io-main\\src\\components\\Sidebar\\Sidebar.tsx": {"path":"D:\\DEVELOPER PROJECTS\\obsidian-pixel.github.io-main\\obsidian-pixel.github.io-main\\src\\components\\Sidebar\\Sidebar.tsx","statementMap":{"0":{"start":{"line":2,"column":0},"end":{"line":2,"column":31}},"1":{"start":{"line":3,"column":40},"end":{"line":3,"column":45}},"2":{"start":{"line":4,"column":0},"end":{"line":4,"column":42}},"3":{"start":{"line":6,"column":35},"end":{"line":83,"column":2}},"4":{"start":{"line":7,"column":26},"end":{"line":7,"column":41}},"5":{"start":{"line":8,"column":19},"end":{"line":8,"column":23}},"6":{"start":{"line":10,"column":21},"end":{"line":12,"column":8}},"7":{"start":{"line":11,"column":4},"end":{"line":11,"column":38}},"8":{"start":{"line":11,"column":31},"end":{"line":11,"column":36}},"9":{"start":{"line":13,"column":18},"end":{"line":13,"column":43}},"10":{"start":{"line":14,"column":18},"end":{"line":14,"column":43}},"11":{"start":{"line":16,"column":2},"end":{"line":82,"column":4}},"12":{"start":{"line":85,"column":16},"end":{"line":85,"column":38}},"13":{"start":{"line":86,"column":0},"end":{"line":86,"column":23}}},"fnMap":{"0":{"name":"SidebarComponent","decl":{"start":{"line":6,"column":49},"end":{"line":6,"column":65}},"loc":{"start":{"line":6,"column":65},"end":{"line":83,"column":1}}},"1":{"name":"(anonymous_11)","decl":{"start":{"line":10,"column":33},"end":{"line":10,"column":36}},"loc":{"start":{"line":10,"column":38},"end":{"line":12,"column":3}}},"2":{"name":"(anonymous_12)","decl":{"start":{"line":11,"column":12},"end":{"line":11,"column":13}},"loc":{"start":{"line":11,"column":31},"end":{"line":11,"column":36}}},"3":{"name":"(anonymous_13)","decl":{"start":{"line":13,"column":30},"end":{"line":13,"column":33}},"loc":{"start":{"line":13,"column":35},"end":{"line":13,"column":38}}},"4":{"name":"(anonymous_14)","decl":{"start":{"line":14,"column":30},"end":{"line":14,"column":33}},"loc":{"start":{"line":14,"column":35},"end":{"line":14,"column":38}}}},"branchMap":{"0":{"loc":{"start":{"line":19,"column":38},"end":{"line":19,"column":69}},"type":"cond-expr","locations":[{"start":{"line":19,"column":49},"end":{"line":19,"column":64}},{"start":{"line":19,"column":67},"end":{"line":19,"column":69}}]},"1":{"loc":{"start":{"line":23,"column":21},"end":{"line":23,"column":50}},"type":"cond-expr","locations":[{"start":{"line":23,"column":32},"end":{"line":23,"column":38}},{"start":{"line":23,"column":41},"end":{"line":23,"column":50}}]},"2":{"loc":{"start":{"line":32,"column":17},"end":{"line":32,"column":50}},"type":"cond-expr","locations":[{"start":{"line":32,"column":24},"end":{"line":32,"column":36}},{"start":{"line":32,"column":39},"end":{"line":32,"column":50}}]},"3":{"loc":{"start":{"line":34,"column":11},"end":{"line":34,"column":27}},"type":"cond-expr","locations":[{"start":{"line":34,"column":18},"end":{"line":34,"column":21}},{"start":{"line":34,"column":24},"end":{"line":34,"column":27}}]}},"s":{"0":2,"1":2,"2":2,"3":2,"4":4,"5":4,"6":4,"7":1,"8":1,"9":4,"10":4,"11":4,"12":2,"13":2},"f":{"0":4,"1":1,"2":1,"3":1,"4":1},"b":{"0":[1,3],"1":[1,3],"2":[1,3],"3":[1,3]}}
}
