TN:
SF:src\components\Card\Card.tsx
FN:15,CardComponent
FN:21,(anonymous_11)
FN:24,(anonymous_12)
FN:24,(anonymous_13)
FN:26,(anonymous_14)
FN:37,(anonymous_15)
FN:42,(anonymous_16)
FN:88,(anonymous_17)
FNF:8
FNH:6
FNDA:4,CardComponent
FNDA:3,(anonymous_11)
FNDA:1,(anonymous_12)
FNDA:1,(anonymous_13)
FNDA:3,(anonymous_14)
FNDA:0,(anonymous_15)
FNDA:0,(anonymous_16)
FNDA:3,(anonymous_17)
DA:2,1
DA:3,1
DA:14,1
DA:15,1
DA:16,4
DA:17,4
DA:18,4
DA:19,4
DA:20,4
DA:21,3
DA:24,4
DA:26,4
DA:28,3
DA:29,3
DA:30,3
DA:31,3
DA:32,3
DA:33,3
DA:34,3
DA:35,3
DA:37,3
DA:38,0
DA:39,0
DA:42,3
DA:43,0
DA:44,0
DA:45,0
DA:49,0
DA:50,0
DA:52,0
DA:53,0
DA:54,0
DA:57,0
DA:58,0
DA:59,0
DA:62,0
DA:63,0
DA:64,0
DA:66,0
DA:67,0
DA:70,0
DA:71,0
DA:74,0
DA:75,0
DA:76,0
DA:78,0
DA:82,0
DA:85,3
DA:86,3
DA:88,3
DA:89,3
DA:90,3
DA:93,4
DA:147,1
LF:54
LH:29
BRDA:43,0,0,0
BRDA:95,1,0,1
BRDA:95,1,1,3
BRDA:100,2,0,1
BRDA:100,2,1,3
BRDA:101,3,0,1
BRDA:101,3,1,3
BRDA:102,4,0,1
BRDA:102,4,1,3
BRDA:103,5,0,1
BRDA:103,5,1,3
BRDA:119,6,0,1
BRDA:119,6,1,3
BRDA:120,7,0,1
BRDA:120,7,1,3
BRDA:124,8,0,1
BRDA:124,8,1,3
BRDA:131,9,0,1
BRDA:131,9,1,3
BRF:19
BRH:18
end_of_record
TN:
SF:src\components\ColorPicker\ColorPickerApp.tsx
FN:26,ColorPickerApp
FN:40,(anonymous_2)
FN:41,(anonymous_3)
FN:44,(anonymous_4)
FN:48,(anonymous_5)
FN:55,(anonymous_6)
FN:56,(anonymous_7)
FN:57,(anonymous_8)
FN:88,(anonymous_9)
FN:97,(anonymous_10)
FN:106,(anonymous_11)
FN:107,(anonymous_12)
FN:139,(anonymous_13)
FN:154,(anonymous_14)
FN:162,(anonymous_15)
FN:168,(anonymous_16)
FNF:16
FNH:9
FNDA:18,ColorPickerApp
FNDA:6,(anonymous_2)
FNDA:0,(anonymous_3)
FNDA:6,(anonymous_4)
FNDA:9,(anonymous_5)
FNDA:9,(anonymous_6)
FNDA:10,(anonymous_7)
FNDA:15,(anonymous_8)
FNDA:0,(anonymous_9)
FNDA:0,(anonymous_10)
FNDA:3,(anonymous_11)
FNDA:3,(anonymous_12)
FNDA:0,(anonymous_13)
FNDA:0,(anonymous_14)
FNDA:0,(anonymous_15)
FNDA:0,(anonymous_16)
DA:6,1
DA:7,1
DA:8,1
DA:9,1
DA:10,1
DA:11,1
DA:12,1
DA:13,1
DA:14,1
DA:15,1
DA:16,1
DA:17,1
DA:18,1
DA:19,1
DA:20,1
DA:21,1
DA:22,1
DA:23,1
DA:26,1
DA:27,18
DA:29,18
DA:31,18
DA:32,18
DA:33,18
DA:34,18
DA:37,18
DA:40,18
DA:41,6
DA:42,0
DA:44,6
DA:48,18
DA:49,9
DA:50,0
DA:51,0
DA:53,9
DA:55,9
DA:56,10
DA:57,3
DA:58,15
DA:59,3
DA:61,12
DA:64,6
DA:75,18
DA:88,18
DA:89,0
DA:90,0
DA:91,0
DA:92,0
DA:93,0
DA:97,18
DA:98,0
DA:99,0
DA:100,0
DA:101,0
DA:102,0
DA:106,18
DA:107,3
DA:108,3
DA:110,10
DA:111,3
DA:112,3
DA:116,18
DA:139,0
DA:154,0
DA:162,0
DA:168,0
DA:229,1
DA:231,1
LF:68
LH:51
BRDA:49,0,0,0
BRDA:56,1,0,3
BRDA:58,2,0,3
BRDA:58,3,0,15
BRDA:58,3,1,3
BRDA:89,4,0,0
BRDA:98,5,0,0
BRDA:167,6,0,18
BRDA:167,6,1,18
BRF:9
BRH:6
end_of_record
TN:
SF:src\components\ColorPicker\ColorPickerCard.tsx
FN:12,ColorPickerCard
FN:23,(anonymous_2)
FN:27,(anonymous_3)
FN:49,(anonymous_4)
FNF:4
FNH:0
FNDA:0,ColorPickerCard
FNDA:0,(anonymous_2)
FNDA:0,(anonymous_3)
FNDA:0,(anonymous_4)
DA:7,0
DA:8,0
DA:9,0
DA:10,0
DA:12,0
DA:13,0
DA:14,0
DA:16,0
DA:23,0
DA:24,0
DA:27,0
DA:28,0
DA:29,0
DA:30,0
DA:34,0
DA:68,0
LF:16
LH:0
BRDA:28,0,0,0
BRDA:28,1,0,0
BRDA:28,1,1,0
BRF:3
BRH:0
end_of_record
TN:
SF:src\components\ColorPicker\hooks\useColorState.ts
FN:21,useColorState
FN:24,(anonymous_10)
FN:38,(anonymous_11)
FN:46,(anonymous_12)
FN:54,(anonymous_13)
FN:62,(anonymous_14)
FN:70,(anonymous_15)
FN:78,(anonymous_16)
FN:86,(anonymous_17)
FN:94,(anonymous_18)
FNF:10
FNH:0
FNDA:0,useColorState
FNDA:0,(anonymous_10)
FNDA:0,(anonymous_11)
FNDA:0,(anonymous_12)
FNDA:0,(anonymous_13)
FNDA:0,(anonymous_14)
FNDA:0,(anonymous_15)
FNDA:0,(anonymous_16)
FNDA:0,(anonymous_17)
FNDA:0,(anonymous_18)
DA:6,1
DA:8,1
DA:10,1
DA:21,1
DA:22,0
DA:24,0
DA:25,0
DA:37,0
DA:39,0
DA:40,0
DA:45,0
DA:47,0
DA:48,0
DA:53,0
DA:55,0
DA:56,0
DA:61,0
DA:63,0
DA:64,0
DA:69,0
DA:71,0
DA:72,0
DA:77,0
DA:79,0
DA:80,0
DA:85,0
DA:87,0
DA:88,0
DA:93,0
DA:94,0
LF:30
LH:4
BRDA:22,0,0,0
BRDA:22,0,1,0
BRF:2
BRH:0
end_of_record
TN:
SF:src\components\ColorPicker\panels\CollectionsPanel.tsx
FN:22,(anonymous_1)
FN:27,(anonymous_2)
FN:31,(anonymous_3)
FN:35,(anonymous_4)
FN:44,(anonymous_5)
FN:58,(anonymous_6)
FN:70,(anonymous_7)
FN:82,(anonymous_8)
FN:98,(anonymous_9)
FN:105,(anonymous_10)
FN:117,(anonymous_11)
FN:125,(anonymous_12)
FNF:12
FNH:0
FNDA:0,(anonymous_1)
FNDA:0,(anonymous_2)
FNDA:0,(anonymous_3)
FNDA:0,(anonymous_4)
FNDA:0,(anonymous_5)
FNDA:0,(anonymous_6)
FNDA:0,(anonymous_7)
FNDA:0,(anonymous_8)
FNDA:0,(anonymous_9)
FNDA:0,(anonymous_10)
FNDA:0,(anonymous_11)
FNDA:0,(anonymous_12)
DA:6,0
DA:7,0
DA:9,0
DA:21,0
DA:23,0
DA:24,0
DA:25,0
DA:27,0
DA:28,0
DA:31,0
DA:32,0
DA:35,0
DA:36,0
DA:38,0
DA:39,0
DA:40,0
DA:41,0
DA:44,0
DA:45,0
DA:46,0
DA:47,0
DA:51,0
DA:58,0
DA:70,0
DA:83,0
DA:84,0
DA:99,0
DA:106,0
DA:117,0
DA:125,0
DA:141,0
LF:31
LH:0
BRDA:36,0,0,0
BRDA:45,1,0,0
BRDA:65,2,0,0
BRDA:65,2,1,0
BRDA:95,3,0,0
BRDA:95,3,1,0
BRF:6
BRH:0
end_of_record
TN:
SF:src\components\ColorPicker\panels\ContrastPanel.tsx
FN:16,(anonymous_1)
FNF:1
FNH:0
FNDA:0,(anonymous_1)
DA:6,0
DA:7,0
DA:9,0
DA:16,0
DA:17,0
DA:18,0
DA:20,0
DA:71,0
LF:8
LH:0
BRDA:42,0,0,0
BRDA:42,0,1,0
BRDA:44,1,0,0
BRDA:44,1,1,0
BRDA:46,2,0,0
BRDA:46,2,1,0
BRDA:48,3,0,0
BRDA:48,3,1,0
BRDA:56,4,0,0
BRDA:56,4,1,0
BRDA:58,5,0,0
BRDA:58,5,1,0
BRDA:60,6,0,0
BRDA:60,6,1,0
BRDA:62,7,0,0
BRDA:62,7,1,0
BRF:16
BRH:0
end_of_record
TN:
SF:src\components\ColorPicker\panels\ExportPanel.tsx
FN:11,(anonymous_1)
FN:15,(anonymous_2)
FN:34,(anonymous_3)
FN:38,(anonymous_4)
FN:58,(anonymous_5)
FN:62,(anonymous_6)
FN:82,generateCSSVariables
FN:84,(anonymous_8)
FN:95,generateTailwindConfig
FN:97,(anonymous_10)
FN:117,generateSCSSVariables
FN:118,(anonymous_12)
FN:124,generateJSON
FN:126,(anonymous_14)
FN:140,generateRawHex
FN:141,(anonymous_16)
FNF:16
FNH:0
FNDA:0,(anonymous_1)
FNDA:0,(anonymous_2)
FNDA:0,(anonymous_3)
FNDA:0,(anonymous_4)
FNDA:0,(anonymous_5)
FNDA:0,(anonymous_6)
FNDA:0,generateCSSVariables
FNDA:0,(anonymous_8)
FNDA:0,generateTailwindConfig
FNDA:0,(anonymous_10)
FNDA:0,generateSCSSVariables
FNDA:0,(anonymous_12)
FNDA:0,generateJSON
FNDA:0,(anonymous_14)
FNDA:0,generateRawHex
FNDA:0,(anonymous_16)
DA:1,0
DA:2,0
DA:11,0
DA:12,0
DA:13,0
DA:15,0
DA:16,0
DA:18,0
DA:20,0
DA:22,0
DA:24,0
DA:26,0
DA:28,0
DA:30,0
DA:34,0
DA:35,0
DA:36,0
DA:37,0
DA:38,0
DA:41,0
DA:43,0
DA:59,0
DA:62,0
DA:77,0
DA:83,0
DA:85,0
DA:86,0
DA:89,0
DA:96,0
DA:98,0
DA:99,0
DA:104,0
DA:118,0
DA:125,0
DA:126,0
DA:141,0
LF:36
LH:0
BRDA:16,0,0,0
BRDA:18,1,0,0
BRDA:18,1,1,0
BRDA:18,1,2,0
BRDA:18,1,3,0
BRDA:18,1,4,0
BRDA:18,1,5,0
BRDA:53,2,0,0
BRDA:53,2,1,0
BRDA:63,3,0,0
BRDA:63,3,1,0
BRDA:71,4,0,0
BRDA:71,4,1,0
BRF:13
BRH:0
end_of_record
TN:
SF:src\components\ColorPicker\panels\HistoryPanel.tsx
FN:15,(anonymous_1)
FN:18,(anonymous_2)
FN:22,(anonymous_3)
FN:26,(anonymous_4)
FN:34,(anonymous_5)
FN:36,(anonymous_6)
FN:59,(anonymous_7)
FN:64,(anonymous_8)
FN:65,(anonymous_9)
FNF:9
FNH:0
FNDA:0,(anonymous_1)
FNDA:0,(anonymous_2)
FNDA:0,(anonymous_3)
FNDA:0,(anonymous_4)
FNDA:0,(anonymous_5)
FNDA:0,(anonymous_6)
FNDA:0,(anonymous_7)
FNDA:0,(anonymous_8)
FNDA:0,(anonymous_9)
DA:6,0
DA:7,0
DA:9,0
DA:15,0
DA:16,0
DA:18,0
DA:19,0
DA:22,0
DA:23,0
DA:26,0
DA:27,0
DA:28,0
DA:29,0
DA:34,0
DA:35,0
DA:36,0
DA:39,0
DA:60,0
DA:64,0
DA:66,0
DA:67,0
DA:68,0
DA:85,0
LF:23
LH:0
BRDA:27,0,0,0
BRDA:43,1,0,0
BRDA:43,1,1,0
BRDA:56,2,0,0
BRDA:56,2,1,0
BRDA:66,3,0,0
BRDA:66,4,0,0
BRDA:66,4,1,0
BRF:8
BRH:0
end_of_record
TN:
SF:src\components\ColorPicker\panels\ImageExtractorPanel.tsx
FN:17,(anonymous_1)
FN:22,(anonymous_2)
FN:47,(anonymous_3)
FN:94,(anonymous_4)
FN:100,(anonymous_5)
FN:103,(anonymous_6)
FNF:6
FNH:4
FNDA:3,(anonymous_1)
FNDA:1,(anonymous_2)
FNDA:0,(anonymous_3)
FNDA:2,(anonymous_4)
FNDA:1,(anonymous_5)
FNDA:0,(anonymous_6)
DA:6,1
DA:7,1
DA:9,1
DA:16,1
DA:18,3
DA:19,3
DA:20,3
DA:22,3
DA:23,1
DA:24,1
DA:27,1
DA:28,0
DA:29,0
DA:32,1
DA:33,1
DA:35,1
DA:36,1
DA:37,1
DA:38,1
DA:40,0
DA:41,0
DA:43,1
DA:47,3
DA:48,0
DA:49,0
DA:52,3
DA:95,2
DA:100,1
DA:104,0
DA:105,0
DA:120,1
LF:31
LH:23
BRDA:24,0,0,0
BRDA:27,1,0,0
BRDA:56,2,0,3
BRDA:56,2,1,1
BRDA:72,3,0,1
BRDA:72,3,1,2
BRDA:84,4,0,3
BRDA:84,4,1,0
BRDA:90,5,0,3
BRDA:90,5,1,1
BRDA:104,6,0,0
BRDA:104,7,0,0
BRDA:104,7,1,0
BRF:13
BRH:7
end_of_record
TN:
SF:src\components\ColorPicker\panels\PalettePanel.tsx
FN:32,(anonymous_1)
FN:35,(anonymous_2)
FN:38,(anonymous_3)
FN:47,(anonymous_4)
FN:51,(anonymous_5)
FN:60,(anonymous_6)
FN:65,(anonymous_7)
FN:66,(anonymous_8)
FN:82,(anonymous_9)
FN:94,(anonymous_10)
FNF:10
FNH:5
FNDA:3,(anonymous_1)
FNDA:0,(anonymous_2)
FNDA:0,(anonymous_3)
FNDA:0,(anonymous_4)
FNDA:27,(anonymous_5)
FNDA:6,(anonymous_6)
FNDA:1,(anonymous_7)
FNDA:0,(anonymous_8)
FNDA:1,(anonymous_9)
FNDA:0,(anonymous_10)
DA:6,1
DA:7,1
DA:19,1
DA:31,1
DA:33,3
DA:35,3
DA:36,0
DA:37,0
DA:38,0
DA:41,3
DA:47,0
DA:52,27
DA:61,6
DA:65,1
DA:67,0
DA:68,0
DA:69,0
DA:83,1
DA:84,1
DA:95,0
DA:96,0
DA:113,1
LF:22
LH:13
BRDA:32,0,0,0
BRDA:67,1,0,0
BRDA:67,2,0,0
BRDA:67,2,1,0
BRDA:81,3,0,3
BRDA:81,3,1,3
BRDA:86,4,0,3
BRDA:86,4,1,3
BRDA:87,5,0,3
BRDA:87,5,1,3
BRDA:89,6,0,3
BRDA:89,6,1,3
BRDA:101,7,0,0
BRDA:101,7,1,6
BRF:14
BRH:9
end_of_record
TN:
SF:src\components\ColorPicker\pickers\AlphaSlider.tsx
FN:17,(anonymous_1)
FN:23,(anonymous_2)
FN:60,(anonymous_3)
FN:74,(anonymous_4)
FN:82,(anonymous_5)
FN:90,(anonymous_6)
FN:95,(anonymous_7)
FN:107,(anonymous_8)
FN:117,(anonymous_9)
FN:123,(anonymous_10)
FNF:10
FNH:0
FNDA:0,(anonymous_1)
FNDA:0,(anonymous_2)
FNDA:0,(anonymous_3)
FNDA:0,(anonymous_4)
FNDA:0,(anonymous_5)
FNDA:0,(anonymous_6)
FNDA:0,(anonymous_7)
FNDA:0,(anonymous_8)
FNDA:0,(anonymous_9)
FNDA:0,(anonymous_10)
DA:7,0
DA:8,0
DA:17,0
DA:18,0
DA:19,0
DA:20,0
DA:23,0
DA:24,0
DA:25,0
DA:27,0
DA:28,0
DA:31,0
DA:33,0
DA:34,0
DA:35,0
DA:38,0
DA:39,0
DA:40,0
DA:41,0
DA:42,0
DA:47,0
DA:48,0
DA:49,0
DA:50,0
DA:51,0
DA:52,0
DA:53,0
DA:55,0
DA:56,0
DA:59,0
DA:61,0
DA:62,0
DA:64,0
DA:65,0
DA:66,0
DA:68,0
DA:73,0
DA:75,0
DA:76,0
DA:81,0
DA:83,0
DA:84,0
DA:90,0
DA:91,0
DA:94,0
DA:96,0
DA:97,0
DA:98,0
DA:99,0
DA:100,0
DA:106,0
DA:108,0
DA:109,0
DA:110,0
DA:111,0
DA:117,0
DA:118,0
DA:119,0
DA:122,0
DA:124,0
DA:125,0
DA:126,0
DA:127,0
DA:128,0
DA:130,0
DA:133,0
DA:134,0
DA:135,0
DA:140,0
DA:142,0
LF:70
LH:0
BRDA:25,0,0,0
BRDA:28,1,0,0
BRDA:31,2,0,0
BRDA:31,3,0,0
BRDA:31,3,1,0
BRDA:41,4,0,0
BRDA:41,4,1,0
BRDA:49,5,0,0
BRDA:49,5,1,0
BRDA:50,6,0,0
BRDA:50,6,1,0
BRDA:51,7,0,0
BRDA:51,7,1,0
BRDA:62,8,0,0
BRDA:83,9,0,0
BRDA:99,10,0,0
BRDA:110,11,0,0
BRDA:125,12,0,0
BRDA:125,12,1,0
BRDA:125,13,0,0
BRDA:125,13,1,0
BRDA:127,14,0,0
BRDA:127,14,1,0
BRDA:127,15,0,0
BRDA:127,15,1,0
BRF:25
BRH:0
end_of_record
TN:
SF:src\components\ColorPicker\pickers\ColorInputs.tsx
FN:18,(anonymous_1)
FN:20,(anonymous_2)
FN:27,(anonymous_3)
FN:35,(anonymous_4)
FN:63,(anonymous_5)
FN:72,(anonymous_6)
FN:81,(anonymous_7)
FN:96,(anonymous_8)
FN:105,(anonymous_9)
FN:114,(anonymous_10)
FNF:10
FNH:0
FNDA:0,(anonymous_1)
FNDA:0,(anonymous_2)
FNDA:0,(anonymous_3)
FNDA:0,(anonymous_4)
FNDA:0,(anonymous_5)
FNDA:0,(anonymous_6)
FNDA:0,(anonymous_7)
FNDA:0,(anonymous_8)
FNDA:0,(anonymous_9)
FNDA:0,(anonymous_10)
DA:6,0
DA:7,0
DA:17,0
DA:19,0
DA:21,0
DA:26,0
DA:28,0
DA:29,0
DA:34,0
DA:36,0
DA:37,0
DA:38,0
DA:43,0
DA:63,0
DA:72,0
DA:81,0
DA:96,0
DA:105,0
DA:114,0
DA:133,0
LF:20
LH:0
BRDA:28,0,0,0
BRDA:28,0,1,0
BRDA:36,1,0,0
BRDA:36,1,1,0
BRDA:37,2,0,0
BRDA:37,2,1,0
BRF:6
BRH:0
end_of_record
TN:
SF:src\components\ColorPicker\pickers\LightnessSlider.tsx
FN:17,(anonymous_1)
FN:28,(anonymous_2)
FN:101,(anonymous_3)
FN:115,(anonymous_4)
FN:123,(anonymous_5)
FN:131,(anonymous_6)
FN:136,(anonymous_7)
FN:148,(anonymous_8)
FN:158,(anonymous_9)
FN:164,(anonymous_10)
FNF:10
FNH:0
FNDA:0,(anonymous_1)
FNDA:0,(anonymous_2)
FNDA:0,(anonymous_3)
FNDA:0,(anonymous_4)
FNDA:0,(anonymous_5)
FNDA:0,(anonymous_6)
FNDA:0,(anonymous_7)
FNDA:0,(anonymous_8)
FNDA:0,(anonymous_9)
FNDA:0,(anonymous_10)
DA:7,0
DA:8,0
DA:17,0
DA:23,0
DA:24,0
DA:25,0
DA:28,0
DA:29,0
DA:30,0
DA:32,0
DA:33,0
DA:36,0
DA:37,0
DA:39,0
DA:40,0
DA:43,0
DA:44,0
DA:47,0
DA:48,0
DA:49,0
DA:51,0
DA:52,0
DA:53,0
DA:54,0
DA:55,0
DA:58,0
DA:60,0
DA:61,0
DA:62,0
DA:63,0
DA:65,0
DA:66,0
DA:67,0
DA:68,0
DA:70,0
DA:71,0
DA:72,0
DA:73,0
DA:75,0
DA:76,0
DA:77,0
DA:78,0
DA:80,0
DA:81,0
DA:82,0
DA:83,0
DA:85,0
DA:86,0
DA:87,0
DA:88,0
DA:90,0
DA:91,0
DA:92,0
DA:95,0
DA:96,0
DA:100,0
DA:102,0
DA:103,0
DA:105,0
DA:106,0
DA:107,0
DA:109,0
DA:114,0
DA:116,0
DA:117,0
DA:122,0
DA:124,0
DA:125,0
DA:131,0
DA:132,0
DA:135,0
DA:137,0
DA:138,0
DA:139,0
DA:140,0
DA:141,0
DA:147,0
DA:149,0
DA:150,0
DA:151,0
DA:152,0
DA:158,0
DA:159,0
DA:160,0
DA:163,0
DA:165,0
DA:166,0
DA:167,0
DA:168,0
DA:169,0
DA:171,0
DA:174,0
DA:175,0
DA:176,0
DA:181,0
DA:183,0
LF:96
LH:0
BRDA:30,0,0,0
BRDA:33,1,0,0
BRDA:36,2,0,0
BRDA:36,2,1,0
BRDA:36,3,0,0
BRDA:36,3,1,0
BRDA:37,4,0,0
BRDA:37,4,1,0
BRDA:37,5,0,0
BRDA:37,5,1,0
BRDA:58,6,0,0
BRDA:58,6,1,0
BRDA:58,6,2,0
BRDA:58,6,3,0
BRDA:58,6,4,0
BRDA:58,6,5,0
BRDA:58,6,6,0
BRDA:103,7,0,0
BRDA:124,8,0,0
BRDA:140,9,0,0
BRDA:151,10,0,0
BRDA:166,11,0,0
BRDA:166,11,1,0
BRDA:166,12,0,0
BRDA:166,12,1,0
BRDA:168,13,0,0
BRDA:168,13,1,0
BRDA:168,14,0,0
BRDA:168,14,1,0
BRF:29
BRH:0
end_of_record
TN:
SF:src\components\ColorPicker\pickers\VibrantColorWheel.tsx
FN:17,(anonymous_1)
FN:27,(anonymous_2)
FN:131,(anonymous_3)
FN:158,(anonymous_4)
FN:166,(anonymous_5)
FN:174,(anonymous_6)
FN:179,(anonymous_7)
FN:191,(anonymous_8)
FN:201,(anonymous_9)
FNF:9
FNH:0
FNDA:0,(anonymous_1)
FNDA:0,(anonymous_2)
FNDA:0,(anonymous_3)
FNDA:0,(anonymous_4)
FNDA:0,(anonymous_5)
FNDA:0,(anonymous_6)
FNDA:0,(anonymous_7)
FNDA:0,(anonymous_8)
FNDA:0,(anonymous_9)
DA:7,0
DA:8,0
DA:17,0
DA:23,0
DA:24,0
DA:27,0
DA:28,0
DA:29,0
DA:31,0
DA:32,0
DA:34,0
DA:35,0
DA:36,0
DA:39,0
DA:42,0
DA:43,0
DA:44,0
DA:45,0
DA:46,0
DA:48,0
DA:49,0
DA:50,0
DA:53,0
DA:54,0
DA:55,0
DA:57,0
DA:58,0
DA:59,0
DA:60,0
DA:61,0
DA:64,0
DA:66,0
DA:67,0
DA:68,0
DA:69,0
DA:71,0
DA:72,0
DA:73,0
DA:74,0
DA:76,0
DA:77,0
DA:78,0
DA:79,0
DA:81,0
DA:82,0
DA:83,0
DA:84,0
DA:86,0
DA:87,0
DA:88,0
DA:89,0
DA:91,0
DA:92,0
DA:93,0
DA:94,0
DA:96,0
DA:97,0
DA:98,0
DA:101,0
DA:104,0
DA:110,0
DA:111,0
DA:112,0
DA:113,0
DA:116,0
DA:117,0
DA:118,0
DA:119,0
DA:120,0
DA:123,0
DA:124,0
DA:125,0
DA:126,0
DA:127,0
DA:130,0
DA:132,0
DA:133,0
DA:135,0
DA:136,0
DA:137,0
DA:139,0
DA:140,0
DA:141,0
DA:143,0
DA:144,0
DA:145,0
DA:148,0
DA:149,0
DA:150,0
DA:152,0
DA:157,0
DA:159,0
DA:160,0
DA:165,0
DA:167,0
DA:168,0
DA:174,0
DA:175,0
DA:178,0
DA:180,0
DA:181,0
DA:182,0
DA:183,0
DA:184,0
DA:190,0
DA:192,0
DA:193,0
DA:194,0
DA:195,0
DA:201,0
DA:202,0
DA:203,0
DA:206,0
LF:113
LH:0
BRDA:21,0,0,0
BRDA:29,1,0,0
BRDA:32,2,0,0
BRDA:48,3,0,0
BRDA:64,4,0,0
BRDA:64,4,1,0
BRDA:64,4,2,0
BRDA:64,4,3,0
BRDA:64,4,4,0
BRDA:64,4,5,0
BRDA:64,4,6,0
BRDA:133,5,0,0
BRDA:167,6,0,0
BRDA:183,7,0,0
BRDA:194,8,0,0
BRF:15
BRH:0
end_of_record
TN:
SF:src\components\ColorPicker\utils\colorConversions.ts
FN:12,clamp
FN:19,sanitizeHex
FN:29,(anonymous_2)
FN:38,(anonymous_3)
FN:53,hexToRgb
FN:68,rgbToHex
FN:76,(anonymous_6)
FN:95,rgbToHsl
FN:135,hslToRgb
FN:145,(anonymous_9)
FN:173,rgbToHsv
FN:211,hsvToRgb
FN:272,rgbToHwb
FN:288,hwbToRgb
FN:321,rgbToCmyk
FN:347,cmykToRgb
FN:367,rgbToLab
FN:408,labToRgb
FN:447,rgbToOklch
FN:487,oklchToRgb
FNF:20
FNH:0
FNDA:0,clamp
FNDA:0,sanitizeHex
FNDA:0,(anonymous_2)
FNDA:0,(anonymous_3)
FNDA:0,hexToRgb
FNDA:0,rgbToHex
FNDA:0,(anonymous_6)
FNDA:0,rgbToHsl
FNDA:0,hslToRgb
FNDA:0,(anonymous_9)
FNDA:0,rgbToHsv
FNDA:0,hsvToRgb
FNDA:0,rgbToHwb
FNDA:0,hwbToRgb
FNDA:0,rgbToCmyk
FNDA:0,cmykToRgb
FNDA:0,rgbToLab
FNDA:0,labToRgb
FNDA:0,rgbToOklch
FNDA:0,oklchToRgb
DA:13,0
DA:19,3
DA:21,0
DA:24,0
DA:25,0
DA:29,0
DA:33,0
DA:34,0
DA:38,0
DA:42,0
DA:43,0
DA:47,0
DA:53,3
DA:54,0
DA:55,0
DA:57,0
DA:58,0
DA:59,0
DA:60,0
DA:62,0
DA:68,3
DA:69,0
DA:70,0
DA:71,0
DA:74,0
DA:77,0
DA:78,0
DA:82,0
DA:83,0
DA:86,0
DA:89,0
DA:95,3
DA:96,0
DA:97,0
DA:98,0
DA:100,0
DA:101,0
DA:102,0
DA:104,0
DA:105,0
DA:106,0
DA:108,0
DA:109,0
DA:111,0
DA:113,0
DA:114,0
DA:116,0
DA:117,0
DA:119,0
DA:120,0
DA:124,0
DA:135,3
DA:136,0
DA:137,0
DA:138,0
DA:142,0
DA:143,0
DA:145,0
DA:146,0
DA:147,0
DA:148,0
DA:149,0
DA:150,0
DA:151,0
DA:154,0
DA:155,0
DA:157,0
DA:158,0
DA:159,0
DA:162,0
DA:173,3
DA:174,0
DA:175,0
DA:176,0
DA:178,0
DA:179,0
DA:180,0
DA:182,0
DA:183,0
DA:184,0
DA:186,0
DA:187,0
DA:189,0
DA:190,0
DA:192,0
DA:193,0
DA:195,0
DA:196,0
DA:200,0
DA:211,3
DA:212,0
DA:213,0
DA:214,0
DA:216,0
DA:217,0
DA:218,0
DA:219,0
DA:220,0
DA:224,0
DA:226,0
DA:227,0
DA:228,0
DA:229,0
DA:231,0
DA:232,0
DA:233,0
DA:234,0
DA:236,0
DA:237,0
DA:238,0
DA:239,0
DA:241,0
DA:242,0
DA:243,0
DA:244,0
DA:246,0
DA:247,0
DA:248,0
DA:249,0
DA:251,0
DA:252,0
DA:253,0
DA:254,0
DA:256,0
DA:257,0
DA:258,0
DA:261,0
DA:272,3
DA:273,0
DA:274,0
DA:275,0
DA:277,0
DA:288,3
DA:289,0
DA:290,0
DA:292,0
DA:293,0
DA:294,0
DA:295,0
DA:296,0
DA:297,0
DA:299,0
DA:307,0
DA:308,0
DA:310,0
DA:321,3
DA:322,0
DA:323,0
DA:324,0
DA:326,0
DA:328,0
DA:329,0
DA:332,0
DA:333,0
DA:334,0
DA:336,0
DA:347,3
DA:348,0
DA:349,0
DA:350,0
DA:351,0
DA:353,0
DA:354,0
DA:355,0
DA:357,0
DA:367,3
DA:369,0
DA:370,0
DA:371,0
DA:374,0
DA:375,0
DA:376,0
DA:379,0
DA:380,0
DA:381,0
DA:384,0
DA:385,0
DA:386,0
DA:389,0
DA:390,0
DA:391,0
DA:393,0
DA:394,0
DA:395,0
DA:397,0
DA:408,3
DA:409,0
DA:410,0
DA:411,0
DA:414,0
DA:415,0
DA:416,0
DA:418,0
DA:419,0
DA:420,0
DA:423,0
DA:424,0
DA:425,0
DA:427,0
DA:428,0
DA:429,0
DA:432,0
DA:433,0
DA:434,0
DA:436,0
DA:447,3
DA:449,0
DA:450,0
DA:451,0
DA:454,0
DA:455,0
DA:456,0
DA:459,0
DA:460,0
DA:461,0
DA:463,0
DA:464,0
DA:465,0
DA:467,0
DA:468,0
DA:469,0
DA:472,0
DA:473,0
DA:474,0
DA:476,0
DA:487,3
DA:488,0
DA:491,0
DA:492,0
DA:493,0
DA:496,0
DA:497,0
DA:498,0
DA:500,0
DA:501,0
DA:502,0
DA:504,0
DA:505,0
DA:506,0
DA:509,0
DA:510,0
DA:511,0
DA:513,0
LF:243
LH:15
BRDA:24,0,0,0
BRDA:33,1,0,0
BRDA:42,2,0,0
BRDA:42,3,0,0
BRDA:42,3,1,0
BRDA:60,4,0,0
BRDA:60,4,1,0
BRDA:78,5,0,0
BRDA:78,5,1,0
BRDA:82,6,0,0
BRDA:82,7,0,0
BRDA:82,7,1,0
BRDA:108,8,0,0
BRDA:109,9,0,0
BRDA:109,9,1,0
BRDA:111,10,0,0
BRDA:111,10,1,0
BRDA:111,10,2,0
BRDA:113,11,0,0
BRDA:113,11,1,0
BRDA:142,12,0,0
BRDA:142,12,1,0
BRDA:146,13,0,0
BRDA:147,14,0,0
BRDA:148,15,0,0
BRDA:149,16,0,0
BRDA:150,17,0,0
BRDA:154,18,0,0
BRDA:154,18,1,0
BRDA:183,19,0,0
BRDA:183,19,1,0
BRDA:186,20,0,0
BRDA:187,21,0,0
BRDA:187,21,1,0
BRDA:187,21,2,0
BRDA:189,22,0,0
BRDA:189,22,1,0
BRDA:224,23,0,0
BRDA:224,23,1,0
BRDA:224,23,2,0
BRDA:224,23,3,0
BRDA:224,23,4,0
BRDA:224,23,5,0
BRDA:224,23,6,0
BRDA:293,24,0,0
BRDA:297,25,0,0
BRDA:297,25,1,0
BRDA:308,26,0,0
BRDA:308,26,1,0
BRDA:328,27,0,0
BRDA:374,28,0,0
BRDA:374,28,1,0
BRDA:375,29,0,0
BRDA:375,29,1,0
BRDA:376,30,0,0
BRDA:376,30,1,0
BRDA:389,31,0,0
BRDA:389,31,1,0
BRDA:390,32,0,0
BRDA:390,32,1,0
BRDA:391,33,0,0
BRDA:391,33,1,0
BRDA:414,34,0,0
BRDA:414,34,1,0
BRDA:415,35,0,0
BRDA:415,35,1,0
BRDA:416,36,0,0
BRDA:416,36,1,0
BRDA:432,37,0,0
BRDA:432,37,1,0
BRDA:433,38,0,0
BRDA:433,38,1,0
BRDA:434,39,0,0
BRDA:434,39,1,0
BRDA:454,40,0,0
BRDA:454,40,1,0
BRDA:455,41,0,0
BRDA:455,41,1,0
BRDA:456,42,0,0
BRDA:456,42,1,0
BRDA:474,43,0,0
BRDA:509,44,0,0
BRDA:509,44,1,0
BRDA:510,45,0,0
BRDA:510,45,1,0
BRDA:511,46,0,0
BRDA:511,46,1,0
BRF:87
BRH:0
end_of_record
TN:
SF:src\components\ColorPicker\utils\colorStorage.ts
FN:23,getCollections
FN:36,saveCollection
FN:60,updateCollection
FN:62,(anonymous_3)
FN:83,deleteCollection
FN:84,(anonymous_5)
FN:96,addToHistory
FN:102,(anonymous_7)
FN:122,getHistory
FN:135,clearHistory
FNF:10
FNH:0
FNDA:0,getCollections
FNDA:0,saveCollection
FNDA:0,updateCollection
FNDA:0,(anonymous_3)
FNDA:0,deleteCollection
FNDA:0,(anonymous_5)
FNDA:0,addToHistory
FNDA:0,(anonymous_7)
FNDA:0,getHistory
FNDA:0,clearHistory
DA:16,1
DA:17,1
DA:18,1
DA:23,1
DA:24,0
DA:25,0
DA:26,0
DA:28,0
DA:29,0
DA:36,1
DA:37,0
DA:38,0
DA:46,0
DA:48,0
DA:49,0
DA:51,0
DA:54,0
DA:60,1
DA:61,0
DA:62,0
DA:64,0
DA:65,0
DA:72,0
DA:73,0
DA:75,0
DA:83,1
DA:84,0
DA:86,0
DA:87,0
DA:89,0
DA:96,1
DA:97,0
DA:98,0
DA:99,0
DA:102,0
DA:103,0
DA:106,0
DA:109,0
DA:110,0
DA:113,0
DA:115,0
DA:122,1
DA:123,0
DA:124,0
DA:125,0
DA:127,0
DA:128,0
DA:135,1
DA:136,0
DA:137,0
DA:139,0
LF:51
LH:10
BRDA:26,0,0,0
BRDA:26,0,1,0
BRDA:64,1,0,0
BRDA:99,2,0,0
BRDA:99,2,1,0
BRDA:103,3,0,0
BRDA:109,4,0,0
BRDA:125,5,0,0
BRDA:125,5,1,0
BRF:9
BRH:0
end_of_record
TN:
SF:src\components\ColorPicker\utils\contrastChecker.ts
FN:11,getRelativeLuminance
FN:26,getContrastRatio
FN:39,checkWCAGCompliance
FNF:3
FNH:0
FNDA:0,getRelativeLuminance
FNDA:0,getContrastRatio
FNDA:0,checkWCAGCompliance
DA:12,0
DA:13,0
DA:14,0
DA:16,0
DA:17,0
DA:18,0
DA:20,0
DA:26,0
DA:27,0
DA:28,0
DA:30,0
DA:31,0
DA:33,0
DA:39,0
DA:43,0
LF:15
LH:0
BRDA:16,0,0,0
BRDA:16,0,1,0
BRDA:17,1,0,0
BRDA:17,1,1,0
BRDA:18,2,0,0
BRDA:18,2,1,0
BRF:6
BRH:0
end_of_record
TN:
SF:src\components\ColorPicker\utils\imageColorExtractor.ts
FN:20,extractColorsFromImage
FN:24,(anonymous_1)
FN:27,(anonymous_2)
FN:30,(anonymous_3)
FN:39,(anonymous_4)
FN:43,(anonymous_5)
FN:51,extractColorsFromImageElement
FN:97,(anonymous_7)
FN:101,(anonymous_8)
FN:107,rgbToColorState
FNF:10
FNH:0
FNDA:0,extractColorsFromImage
FNDA:0,(anonymous_1)
FNDA:0,(anonymous_2)
FNDA:0,(anonymous_3)
FNDA:0,(anonymous_4)
FNDA:0,(anonymous_5)
FNDA:0,extractColorsFromImageElement
FNDA:0,(anonymous_7)
FNDA:0,(anonymous_8)
FNDA:0,rgbToColorState
DA:7,1
DA:20,1
DA:24,0
DA:25,0
DA:27,0
DA:28,0
DA:30,0
DA:31,0
DA:32,0
DA:33,0
DA:35,0
DA:39,0
DA:40,0
DA:43,0
DA:44,0
DA:52,0
DA:53,0
DA:55,0
DA:58,0
DA:59,0
DA:60,0
DA:61,0
DA:63,0
DA:65,0
DA:66,0
DA:69,0
DA:72,0
DA:73,0
DA:74,0
DA:75,0
DA:76,0
DA:79,0
DA:82,0
DA:83,0
DA:84,0
DA:86,0
DA:88,0
DA:89,0
DA:91,0
DA:96,0
DA:97,0
DA:101,0
DA:108,0
DA:110,0
LF:44
LH:2
BRDA:22,0,0,0
BRDA:55,1,0,0
BRDA:79,2,0,0
BRDA:88,3,0,0
BRDA:88,3,1,0
BRF:5
BRH:0
end_of_record
TN:
SF:src\components\ColorPicker\utils\paletteGenerator.ts
FN:20,generatePalette
FN:54,hslToColorState
FN:73,generateAnalogous
FN:89,generateComplementary
FN:98,generateSplitComplementary
FN:111,generateTriadic
FN:122,generateTetradic
FN:134,generateMonochromatic
FN:151,generateNeutral
FN:173,generatePastel
FN:195,generateDeep
FNF:11
FNH:0
FNDA:0,generatePalette
FNDA:0,hslToColorState
FNDA:0,generateAnalogous
FNDA:0,generateComplementary
FNDA:0,generateSplitComplementary
FNDA:0,generateTriadic
FNDA:0,generateTetradic
FNDA:0,generateMonochromatic
FNDA:0,generateNeutral
FNDA:0,generatePastel
FNDA:0,generateDeep
DA:7,1
DA:20,1
DA:25,0
DA:27,0
DA:29,0
DA:31,0
DA:33,0
DA:35,0
DA:37,0
DA:39,0
DA:41,0
DA:43,0
DA:45,0
DA:47,0
DA:55,0
DA:56,0
DA:58,0
DA:74,0
DA:75,0
DA:77,0
DA:78,0
DA:79,0
DA:80,0
DA:83,0
DA:90,0
DA:92,0
DA:99,0
DA:101,0
DA:112,0
DA:123,0
DA:135,0
DA:136,0
DA:137,0
DA:138,0
DA:140,0
DA:141,0
DA:142,0
DA:145,0
DA:152,0
DA:154,0
DA:155,0
DA:156,0
DA:157,0
DA:167,0
DA:174,0
DA:175,0
DA:177,0
DA:178,0
DA:179,0
DA:189,0
DA:196,0
DA:197,0
DA:199,0
DA:200,0
DA:201,0
DA:211,0
LF:56
LH:2
BRDA:23,0,0,0
BRDA:27,1,0,0
BRDA:27,1,1,0
BRDA:27,1,2,0
BRDA:27,1,3,0
BRDA:27,1,4,0
BRDA:27,1,5,0
BRDA:27,1,6,0
BRDA:27,1,7,0
BRDA:27,1,8,0
BRDA:27,1,9,0
BRF:11
BRH:0
end_of_record
TN:
SF:src\components\FAQ\FAQ.tsx
FN:11,(anonymous_10)
FN:18,(anonymous_11)
FN:42,(anonymous_12)
FN:51,(anonymous_13)
FNF:4
FNH:0
FNDA:0,(anonymous_10)
FNDA:0,(anonymous_11)
FNDA:0,(anonymous_12)
FNDA:0,(anonymous_13)
DA:1,0
DA:2,0
DA:4,0
DA:11,0
DA:12,0
DA:14,0
DA:18,0
DA:42,0
DA:47,0
DA:52,0
LF:10
LH:0
BRDA:15,0,0,0
BRDA:15,0,1,0
BRDA:23,1,0,0
BRDA:23,1,1,0
BRDA:44,2,0,0
BRDA:45,3,0,0
BRF:6
BRH:0
end_of_record
TN:
SF:src\components\Footer\Footer.tsx
FN:7,FooterComponent
FNF:1
FNH:0
FNDA:0,FooterComponent
DA:2,0
DA:3,0
DA:4,0
DA:6,0
DA:7,0
DA:8,0
DA:10,0
DA:71,0
DA:73,0
LF:9
LH:0
BRF:0
BRH:0
end_of_record
TN:
SF:src\components\Header\Header.tsx
FN:6,HeaderComponent
FNF:1
FNH:1
FNDA:1,HeaderComponent
DA:2,1
DA:3,1
DA:5,1
DA:6,1
DA:7,1
DA:28,1
DA:30,1
LF:7
LH:7
BRF:0
BRH:0
end_of_record
TN:
SF:src\components\Modal\Modal.tsx
FN:15,(anonymous_10)
FN:18,(anonymous_11)
FN:19,(anonymous_12)
FN:30,(anonymous_13)
FN:36,(anonymous_14)
FNF:5
FNH:0
FNDA:0,(anonymous_10)
FNDA:0,(anonymous_11)
FNDA:0,(anonymous_12)
FNDA:0,(anonymous_13)
FNDA:0,(anonymous_14)
DA:2,0
DA:3,0
DA:4,0
DA:6,0
DA:15,0
DA:16,0
DA:18,0
DA:19,0
DA:20,0
DA:21,0
DA:25,0
DA:26,0
DA:27,0
DA:30,0
DA:31,0
DA:32,0
DA:36,0
DA:37,0
DA:38,0
DA:42,0
DA:44,0
LF:21
LH:0
BRDA:20,0,0,0
BRDA:25,1,0,0
BRDA:37,2,0,0
BRDA:42,3,0,0
BRDA:51,4,0,0
BRDA:51,4,1,0
BRF:6
BRH:0
end_of_record
TN:
SF:src\components\PromptCard\PromptCard.tsx
FN:17,PromptCard
FN:27,(anonymous_11)
FN:28,(anonymous_12)
FN:30,(anonymous_13)
FN:34,(anonymous_14)
FN:51,(anonymous_15)
FNF:6
FNH:0
FNDA:0,PromptCard
FNDA:0,(anonymous_11)
FNDA:0,(anonymous_12)
FNDA:0,(anonymous_13)
FNDA:0,(anonymous_14)
FNDA:0,(anonymous_15)
DA:2,0
DA:3,0
DA:13,0
DA:15,0
DA:17,0
DA:24,0
DA:25,0
DA:27,0
DA:28,0
DA:30,0
DA:31,0
DA:32,0
DA:33,0
DA:34,0
DA:36,0
DA:40,0
DA:52,0
LF:17
LH:0
BRDA:46,0,0,0
BRDA:46,0,1,0
BRDA:49,1,0,0
BRDA:49,1,1,0
BRDA:49,1,2,0
BRDA:65,2,0,0
BRDA:65,2,1,0
BRDA:68,3,0,0
BRDA:68,3,1,0
BRDA:77,4,0,0
BRDA:77,4,1,0
BRDA:84,5,0,0
BRDA:84,5,1,0
BRDA:87,6,0,0
BRDA:87,6,1,0
BRF:15
BRH:0
end_of_record
TN:
SF:src\components\SEO\SEO.tsx
FN:18,(anonymous_9)
FN:31,(anonymous_10)
FN:36,(anonymous_11)
FNF:3
FNH:0
FNDA:0,(anonymous_9)
FNDA:0,(anonymous_10)
FNDA:0,(anonymous_11)
DA:1,0
DA:2,0
DA:18,0
DA:27,0
DA:28,0
DA:29,0
DA:31,0
DA:33,0
DA:36,0
DA:37,0
DA:38,0
DA:40,0
DA:41,0
DA:42,0
DA:43,0
DA:46,0
DA:50,0
DA:51,0
DA:52,0
DA:54,0
DA:55,0
DA:56,0
DA:57,0
DA:58,0
DA:61,0
DA:62,0
DA:63,0
DA:64,0
DA:65,0
DA:66,0
DA:67,0
DA:70,0
DA:71,0
DA:72,0
DA:73,0
DA:74,0
DA:75,0
DA:78,0
DA:79,0
DA:80,0
DA:81,0
DA:82,0
DA:84,0
DA:87,0
DA:88,0
DA:90,0
DA:91,0
DA:92,0
DA:93,0
DA:94,0
DA:97,0
DA:101,0
LF:52
LH:0
BRDA:21,0,0,0
BRDA:23,1,0,0
BRDA:24,2,0,0
BRDA:29,3,0,0
BRDA:29,3,1,0
BRDA:36,4,0,0
BRDA:37,5,0,0
BRDA:37,5,1,0
BRDA:40,6,0,0
BRDA:51,7,0,0
BRDA:79,8,0,0
BRDA:87,9,0,0
BRDA:90,10,0,0
BRF:13
BRH:0
end_of_record
TN:
SF:src\components\SEO\faq.schema.ts
FN:14,(anonymous_0)
FN:17,(anonymous_1)
FN:68,(anonymous_2)
FN:77,(anonymous_3)
FNF:4
FNH:0
FNDA:0,(anonymous_0)
FNDA:0,(anonymous_1)
FNDA:0,(anonymous_2)
FNDA:0,(anonymous_3)
DA:14,0
DA:17,0
DA:30,0
DA:68,0
DA:72,0
DA:77,0
LF:6
LH:0
BRF:0
BRH:0
end_of_record
TN:
SF:src\components\SEO\schemas.ts
FN:72,(anonymous_0)
FN:75,(anonymous_1)
FN:86,(anonymous_2)
FN:92,(anonymous_3)
FN:102,(anonymous_4)
FN:110,(anonymous_5)
FNF:6
FNH:1
FNDA:0,(anonymous_0)
FNDA:0,(anonymous_1)
FNDA:0,(anonymous_2)
FNDA:0,(anonymous_3)
FNDA:0,(anonymous_4)
FNDA:18,(anonymous_5)
DA:6,1
DA:11,1
DA:30,1
DA:45,1
DA:72,1
DA:75,0
DA:86,1
DA:92,0
DA:102,1
DA:110,1
DA:120,18
LF:11
LH:9
BRF:0
BRH:0
end_of_record
TN:
SF:src\components\ScrollButton\Scroll-Button.tsx
FN:6,ScrollButtonComponent
FN:9,(anonymous_11)
FN:10,(anonymous_12)
FN:20,(anonymous_13)
FN:26,(anonymous_14)
FN:35,(anonymous_15)
FNF:6
FNH:6
FNDA:4,ScrollButtonComponent
FNDA:3,(anonymous_11)
FNDA:3,(anonymous_12)
FNDA:3,(anonymous_13)
FNDA:3,(anonymous_14)
FNDA:3,(anonymous_15)
DA:2,1
DA:3,1
DA:4,1
DA:6,1
DA:7,4
DA:9,4
DA:10,3
DA:11,3
DA:12,3
DA:13,3
DA:14,3
DA:15,3
DA:17,3
DA:18,3
DA:19,3
DA:20,3
DA:21,3
DA:22,3
DA:26,4
DA:27,3
DA:28,3
DA:29,1
DA:31,2
DA:35,4
DA:36,3
DA:37,3
DA:38,3
DA:39,3
DA:40,3
DA:41,1
DA:43,2
DA:47,4
DA:60,1
DA:62,1
LF:34
LH:34
BRDA:11,0,0,3
BRDA:11,0,1,3
BRDA:14,1,0,3
BRDA:14,1,1,0
BRDA:27,2,0,3
BRDA:27,2,1,3
BRDA:28,3,0,1
BRDA:28,3,1,2
BRDA:36,4,0,3
BRDA:36,4,1,3
BRDA:39,5,0,3
BRDA:39,5,1,0
BRDA:40,6,0,1
BRDA:40,6,1,2
BRDA:51,7,0,1
BRDA:51,7,1,3
BRDA:52,8,0,1
BRDA:52,8,1,3
BRF:18
BRH:16
end_of_record
TN:
SF:src\components\SearchBar\Search-Bar.tsx
FN:10,SearchBarComponent
FN:14,(anonymous_11)
FN:20,(anonymous_12)
FN:22,(anonymous_13)
FNF:4
FNH:4
FNDA:3,SearchBarComponent
FNDA:1,(anonymous_11)
FNDA:2,(anonymous_12)
FNDA:1,(anonymous_13)
DA:2,1
DA:3,1
DA:4,1
DA:10,1
DA:11,3
DA:12,3
DA:14,3
DA:15,1
DA:16,1
DA:17,1
DA:20,3
DA:22,3
DA:23,1
DA:26,3
DA:42,1
DA:44,1
LF:16
LH:16
BRDA:23,0,0,1
BRF:1
BRH:1
end_of_record
TN:
SF:src\components\Sidebar\Sidebar.tsx
FN:6,SidebarComponent
FN:10,(anonymous_11)
FN:11,(anonymous_12)
FN:13,(anonymous_13)
FN:14,(anonymous_14)
FNF:5
FNH:5
FNDA:3,SidebarComponent
FNDA:1,(anonymous_11)
FNDA:1,(anonymous_12)
FNDA:1,(anonymous_13)
FNDA:1,(anonymous_14)
DA:2,1
DA:3,1
DA:4,1
DA:6,1
DA:7,3
DA:8,3
DA:10,3
DA:11,1
DA:13,3
DA:14,3
DA:16,3
DA:65,1
DA:66,1
LF:13
LH:13
BRDA:19,0,0,1
BRDA:19,0,1,2
BRDA:23,1,0,1
BRDA:23,1,1,2
BRDA:32,2,0,1
BRDA:32,2,1,2
BRDA:34,3,0,1
BRDA:34,3,1,2
BRF:8
BRH:8
end_of_record
