TN:
SF:src\components\Card\Card.tsx
FN:15,CardComponent
FN:18,(anonymous_11)
FN:19,(anonymous_12)
FN:19,(anonymous_13)
FNF:4
FNH:4
FNDA:16,CardComponent
FNDA:15,(anonymous_11)
FNDA:1,(anonymous_12)
FNDA:1,(anonymous_13)
DA:2,2
DA:3,2
DA:14,2
DA:15,2
DA:16,16
DA:17,16
DA:18,16
DA:19,16
DA:20,16
DA:52,2
LF:10
LH:10
BRDA:22,0,0,1
BRDA:22,0,1,15
BRDA:23,1,0,1
BRDA:23,1,1,15
BRDA:23,2,0,1
BRDA:23,2,1,15
BRDA:23,3,0,1
BRDA:23,3,1,15
BRDA:23,4,0,1
BRDA:23,4,1,15
BRDA:34,5,0,1
BRDA:34,5,1,15
BRDA:34,6,0,1
BRDA:34,6,1,15
BRDA:35,7,0,1
BRDA:35,7,1,15
BRDA:40,8,0,13
BRDA:40,8,1,3
BRF:18
BRH:18
end_of_record
TN:
SF:src\components\Footer\Footer.tsx
FN:6,FooterComponent
FNF:1
FNH:1
FNDA:3,FooterComponent
DA:2,2
DA:3,2
DA:5,2
DA:6,2
DA:7,3
DA:20,2
DA:22,2
LF:7
LH:7
BRF:0
BRH:0
end_of_record
TN:
SF:src\components\Header\Header.tsx
FN:6,HeaderComponent
FNF:1
FNH:1
FNDA:3,HeaderComponent
DA:2,2
DA:3,2
DA:5,2
DA:6,2
DA:7,3
DA:28,2
DA:30,2
LF:7
LH:7
BRF:0
BRH:0
end_of_record
TN:
SF:src\components\ScrollButton\Scroll-Button.tsx
FN:6,ScrollButtonComponent
FN:9,(anonymous_11)
FN:10,(anonymous_12)
FN:20,(anonymous_13)
FN:26,(anonymous_14)
FN:35,(anonymous_15)
FNF:6
FNH:6
FNDA:6,ScrollButtonComponent
FNDA:5,(anonymous_11)
FNDA:5,(anonymous_12)
FNDA:5,(anonymous_13)
FNDA:3,(anonymous_14)
FNDA:3,(anonymous_15)
DA:2,2
DA:3,2
DA:4,2
DA:6,2
DA:7,6
DA:9,6
DA:10,5
DA:11,5
DA:12,5
DA:13,5
DA:14,5
DA:15,5
DA:17,5
DA:18,5
DA:19,5
DA:20,5
DA:21,5
DA:22,5
DA:26,6
DA:27,3
DA:28,3
DA:29,1
DA:31,2
DA:35,6
DA:36,3
DA:37,3
DA:38,3
DA:39,3
DA:40,3
DA:41,1
DA:43,2
DA:47,6
DA:60,2
DA:62,2
LF:34
LH:34
BRDA:11,0,0,5
BRDA:11,0,1,5
BRDA:14,1,0,3
BRDA:14,1,1,2
BRDA:27,2,0,3
BRDA:27,2,1,3
BRDA:28,3,0,1
BRDA:28,3,1,2
BRDA:36,4,0,3
BRDA:36,4,1,3
BRDA:39,5,0,3
BRDA:39,5,1,0
BRDA:40,6,0,1
BRDA:40,6,1,2
BRDA:51,7,0,1
BRDA:51,7,1,5
BRDA:52,8,0,1
BRDA:52,8,1,5
BRF:18
BRH:17
end_of_record
TN:
SF:src\components\SearchBar\Search-Bar.tsx
FN:10,SearchBarComponent
FN:14,(anonymous_11)
FN:20,(anonymous_12)
FN:22,(anonymous_13)
FNF:4
FNH:4
FNDA:6,SearchBarComponent
FNDA:2,(anonymous_11)
FNDA:2,(anonymous_12)
FNDA:1,(anonymous_13)
DA:2,2
DA:3,2
DA:4,2
DA:10,2
DA:11,6
DA:12,6
DA:14,6
DA:15,2
DA:16,2
DA:17,2
DA:20,6
DA:22,6
DA:23,1
DA:26,6
DA:42,2
DA:44,2
LF:16
LH:16
BRDA:23,0,0,1
BRF:1
BRH:1
end_of_record
TN:
SF:src\components\Sidebar\Sidebar.tsx
FN:6,SidebarComponent
FN:10,(anonymous_11)
FN:11,(anonymous_12)
FN:13,(anonymous_13)
FN:14,(anonymous_14)
FNF:5
FNH:5
FNDA:4,SidebarComponent
FNDA:1,(anonymous_11)
FNDA:1,(anonymous_12)
FNDA:1,(anonymous_13)
FNDA:1,(anonymous_14)
DA:2,2
DA:3,2
DA:4,2
DA:6,2
DA:7,4
DA:8,4
DA:10,4
DA:11,1
DA:13,4
DA:14,4
DA:16,4
DA:85,2
DA:86,2
LF:13
LH:13
BRDA:19,0,0,1
BRDA:19,0,1,3
BRDA:23,1,0,1
BRDA:23,1,1,3
BRDA:32,2,0,1
BRDA:32,2,1,3
BRDA:34,3,0,1
BRDA:34,3,1,3
BRF:8
BRH:8
end_of_record
